<?xml version="1.0" encoding="utf-8" standalone="no"?>
<test-run id="2" testcasecount="292" result="Passed" total="292" passed="292" failed="0" inconclusive="0" skipped="0" asserts="597" engine-version="3.2.0.0" clr-version="4.0.30319.42000" start-time="2016-04-07 12:50:37Z" end-time="2016-04-07 12:50:47Z" duration="10.250643">
  <command-line><![CDATA[D:\Code\DNDGenSite\packages\NUNit.ConsoleRunner.3.2.0\tools\nunit3-console.exe ./Tests/bin/Release/DNDGenSite.Tests.dll]]></command-line>
  <test-suite type="Assembly" id="0-1335" name="DNDGenSite.Tests.dll" fullname="D:\Code\DNDGenSite\Tests\bin\Release\DNDGenSite.Tests.dll" runstate="Runnable" testcasecount="292" result="Passed" start-time="2016-04-07 12:50:37Z" end-time="2016-04-07 12:50:47Z" duration="10.137233" total="292" passed="292" failed="0" inconclusive="0" skipped="0" asserts="597">
    <environment framework-version="3.2.0.0" clr-version="4.0.30319.42000" os-version="Microsoft Windows NT 6.3.9600.0" platform="Win32NT" cwd="D:\Code\DNDGenSite" machine-name="ICF2006596" user="36742" user-domain="ICFI" culture="en-US" uiculture="en-US" os-architecture="x64" />
    <settings>
      <setting name="WorkDirectory" value="D:\Code\DNDGenSite" />
      <setting name="ImageRuntimeVersion" value="4.0.30319" />
      <setting name="ImageTargetFrameworkName" value=".NETFramework,Version=v4.6" />
      <setting name="ImageRequiresX86" value="False" />
      <setting name="ImageRequiresDefaultAppDomainAssemblyResolver" value="False" />
      <setting name="NumberOfTestWorkers" value="8" />
    </settings>
    <properties>
      <property name="_PID" value="1468" />
      <property name="_APPDOMAIN" value="test-domain-" />
    </properties>
    <test-suite type="TestSuite" id="0-1336" name="DNDGenSite" fullname="DNDGenSite" runstate="Runnable" testcasecount="292" result="Passed" start-time="2016-04-07 12:50:37Z" end-time="2016-04-07 12:50:47Z" duration="10.130578" total="292" passed="292" failed="0" inconclusive="0" skipped="0" asserts="597">
      <test-suite type="TestSuite" id="0-1337" name="Tests" fullname="DNDGenSite.Tests" runstate="Runnable" testcasecount="292" result="Passed" start-time="2016-04-07 12:50:37Z" end-time="2016-04-07 12:50:47Z" duration="10.130486" total="292" passed="292" failed="0" inconclusive="0" skipped="0" asserts="597">
        <test-suite type="TestSuite" id="0-1345" name="Integration" fullname="DNDGenSite.Tests.Integration" runstate="Runnable" testcasecount="31" result="Passed" start-time="2016-04-07 12:50:37Z" end-time="2016-04-07 12:50:45Z" duration="8.405835" total="31" passed="31" failed="0" inconclusive="0" skipped="0" asserts="34">
          <test-suite type="TestSuite" id="0-1347" name="App_Start" fullname="DNDGenSite.Tests.Integration.App_Start" runstate="Runnable" testcasecount="27" result="Passed" start-time="2016-04-07 12:50:37Z" end-time="2016-04-07 12:50:38Z" duration="1.028416" total="27" passed="27" failed="0" inconclusive="0" skipped="0" asserts="30">
            <test-suite type="TestSuite" id="0-1348" name="Factories" fullname="DNDGenSite.Tests.Integration.App_Start.Factories" runstate="Runnable" testcasecount="2" result="Passed" start-time="2016-04-07 12:50:37Z" end-time="2016-04-07 12:50:37Z" duration="0.539278" total="2" passed="2" failed="0" inconclusive="0" skipped="0" asserts="5">
              <test-suite type="TestFixture" id="0-1332" name="NinjectRuntimeFactoryTests" fullname="DNDGenSite.Tests.Integration.App_Start.Factories.NinjectRuntimeFactoryTests" classname="DNDGenSite.Tests.Integration.App_Start.Factories.NinjectRuntimeFactoryTests" runstate="Runnable" testcasecount="2" result="Passed" start-time="2016-04-07 12:50:37Z" end-time="2016-04-07 12:50:37Z" duration="0.537744" total="2" passed="2" failed="0" inconclusive="0" skipped="0" asserts="5">
                <test-case id="0-1334" name="CreateNamedRandomizer" fullname="DNDGenSite.Tests.Integration.App_Start.Factories.NinjectRuntimeFactoryTests.CreateNamedRandomizer" methodname="CreateNamedRandomizer" classname="DNDGenSite.Tests.Integration.App_Start.Factories.NinjectRuntimeFactoryTests" runstate="Runnable" seed="899014142" result="Passed" start-time="2016-04-07 12:50:37Z" end-time="2016-04-07 12:50:37Z" duration="0.101433" asserts="2" />
                <test-case id="0-1333" name="CreateRandomizer" fullname="DNDGenSite.Tests.Integration.App_Start.Factories.NinjectRuntimeFactoryTests.CreateRandomizer" methodname="CreateRandomizer" classname="DNDGenSite.Tests.Integration.App_Start.Factories.NinjectRuntimeFactoryTests" runstate="Runnable" seed="479256066" result="Passed" start-time="2016-04-07 12:50:37Z" end-time="2016-04-07 12:50:37Z" duration="0.001404" asserts="3" />
              </test-suite>
            </test-suite>
            <test-suite type="TestFixture" id="0-1306" name="WebModuleTests" fullname="DNDGenSite.Tests.Integration.App_Start.WebModuleTests" classname="DNDGenSite.Tests.Integration.App_Start.WebModuleTests" runstate="Runnable" testcasecount="25" result="Passed" start-time="2016-04-07 12:50:37Z" end-time="2016-04-07 12:50:38Z" duration="0.489065" total="25" passed="25" failed="0" inconclusive="0" skipped="0" asserts="25">
              <test-case id="0-1316" name="AlchemicalItemControllerIsInjected" fullname="DNDGenSite.Tests.Integration.App_Start.WebModuleTests.AlchemicalItemControllerIsInjected" methodname="AlchemicalItemControllerIsInjected" classname="DNDGenSite.Tests.Integration.App_Start.WebModuleTests" runstate="Runnable" seed="1275214576" result="Passed" start-time="2016-04-07 12:50:37Z" end-time="2016-04-07 12:50:37Z" duration="0.057487" asserts="1" />
              <test-case id="0-1318" name="ArmorControllerIsInjected" fullname="DNDGenSite.Tests.Integration.App_Start.WebModuleTests.ArmorControllerIsInjected" methodname="ArmorControllerIsInjected" classname="DNDGenSite.Tests.Integration.App_Start.WebModuleTests" runstate="Runnable" seed="969142175" result="Passed" start-time="2016-04-07 12:50:37Z" end-time="2016-04-07 12:50:37Z" duration="0.017596" asserts="1" />
              <test-case id="0-1329" name="CharacterControllerIsInjected" fullname="DNDGenSite.Tests.Integration.App_Start.WebModuleTests.CharacterControllerIsInjected" methodname="CharacterControllerIsInjected" classname="DNDGenSite.Tests.Integration.App_Start.WebModuleTests" runstate="Runnable" seed="850846230" result="Passed" start-time="2016-04-07 12:50:37Z" end-time="2016-04-07 12:50:38Z" duration="0.046159" asserts="1" />
              <test-case id="0-1313" name="CoinControllerIsInjected" fullname="DNDGenSite.Tests.Integration.App_Start.WebModuleTests.CoinControllerIsInjected" methodname="CoinControllerIsInjected" classname="DNDGenSite.Tests.Integration.App_Start.WebModuleTests" runstate="Runnable" seed="429961744" result="Passed" start-time="2016-04-07 12:50:38Z" end-time="2016-04-07 12:50:38Z" duration="0.001854" asserts="1" />
              <test-case id="0-1310" name="DungeonControllerIsInjected" fullname="DNDGenSite.Tests.Integration.App_Start.WebModuleTests.DungeonControllerIsInjected" methodname="DungeonControllerIsInjected" classname="DNDGenSite.Tests.Integration.App_Start.WebModuleTests" runstate="Runnable" seed="360146526" result="Passed" start-time="2016-04-07 12:50:38Z" end-time="2016-04-07 12:50:38Z" duration="0.001243" asserts="1" />
              <test-case id="0-1309" name="EncounterControllerIsInjected" fullname="DNDGenSite.Tests.Integration.App_Start.WebModuleTests.EncounterControllerIsInjected" methodname="EncounterControllerIsInjected" classname="DNDGenSite.Tests.Integration.App_Start.WebModuleTests" runstate="Runnable" seed="226344229" result="Passed" start-time="2016-04-07 12:50:38Z" end-time="2016-04-07 12:50:38Z" duration="0.071212" asserts="1" />
              <test-case id="0-1308" name="ErrorControllerIsInjected" fullname="DNDGenSite.Tests.Integration.App_Start.WebModuleTests.ErrorControllerIsInjected" methodname="ErrorControllerIsInjected" classname="DNDGenSite.Tests.Integration.App_Start.WebModuleTests" runstate="Runnable" seed="1675909454" result="Passed" start-time="2016-04-07 12:50:38Z" end-time="2016-04-07 12:50:38Z" duration="0.196052" asserts="1" />
              <test-case id="0-1327" name="ErrorRepositoryIsInjected" fullname="DNDGenSite.Tests.Integration.App_Start.WebModuleTests.ErrorRepositoryIsInjected" methodname="ErrorRepositoryIsInjected" classname="DNDGenSite.Tests.Integration.App_Start.WebModuleTests" runstate="Runnable" seed="1201791391" result="Passed" start-time="2016-04-07 12:50:38Z" end-time="2016-04-07 12:50:38Z" duration="0.000615" asserts="1" />
              <test-case id="0-1328" name="GitHubClientIsInjected" fullname="DNDGenSite.Tests.Integration.App_Start.WebModuleTests.GitHubClientIsInjected" methodname="GitHubClientIsInjected" classname="DNDGenSite.Tests.Integration.App_Start.WebModuleTests" runstate="Runnable" seed="663858216" result="Passed" start-time="2016-04-07 12:50:38Z" end-time="2016-04-07 12:50:38Z" duration="0.000665" asserts="1" />
              <test-case id="0-1314" name="GoodsControllerIsInjected" fullname="DNDGenSite.Tests.Integration.App_Start.WebModuleTests.GoodsControllerIsInjected" methodname="GoodsControllerIsInjected" classname="DNDGenSite.Tests.Integration.App_Start.WebModuleTests" runstate="Runnable" seed="116777399" result="Passed" start-time="2016-04-07 12:50:38Z" end-time="2016-04-07 12:50:38Z" duration="0.001749" asserts="1" />
              <test-case id="0-1307" name="HomeControllerIsInjected" fullname="DNDGenSite.Tests.Integration.App_Start.WebModuleTests.HomeControllerIsInjected" methodname="HomeControllerIsInjected" classname="DNDGenSite.Tests.Integration.App_Start.WebModuleTests" runstate="Runnable" seed="2126286574" result="Passed" start-time="2016-04-07 12:50:38Z" end-time="2016-04-07 12:50:38Z" duration="0.001305" asserts="1" />
              <test-case id="0-1315" name="ItemsControllerIsInjected" fullname="DNDGenSite.Tests.Integration.App_Start.WebModuleTests.ItemsControllerIsInjected" methodname="ItemsControllerIsInjected" classname="DNDGenSite.Tests.Integration.App_Start.WebModuleTests" runstate="Runnable" seed="1392345013" result="Passed" start-time="2016-04-07 12:50:38Z" end-time="2016-04-07 12:50:38Z" duration="0.007616" asserts="1" />
              <test-case id="0-1319" name="PotionControllerIsInjected" fullname="DNDGenSite.Tests.Integration.App_Start.WebModuleTests.PotionControllerIsInjected" methodname="PotionControllerIsInjected" classname="DNDGenSite.Tests.Integration.App_Start.WebModuleTests" runstate="Runnable" seed="661267958" result="Passed" start-time="2016-04-07 12:50:38Z" end-time="2016-04-07 12:50:38Z" duration="0.005276" asserts="1" />
              <test-case id="0-1330" name="RandomizerRepositoryIsInjected" fullname="DNDGenSite.Tests.Integration.App_Start.WebModuleTests.RandomizerRepositoryIsInjected" methodname="RandomizerRepositoryIsInjected" classname="DNDGenSite.Tests.Integration.App_Start.WebModuleTests" runstate="Runnable" seed="1200426871" result="Passed" start-time="2016-04-07 12:50:38Z" end-time="2016-04-07 12:50:38Z" duration="0.000545" asserts="1" />
              <test-case id="0-1320" name="RingControllerIsInjected" fullname="DNDGenSite.Tests.Integration.App_Start.WebModuleTests.RingControllerIsInjected" methodname="RingControllerIsInjected" classname="DNDGenSite.Tests.Integration.App_Start.WebModuleTests" runstate="Runnable" seed="1539735313" result="Passed" start-time="2016-04-07 12:50:38Z" end-time="2016-04-07 12:50:38Z" duration="0.006081" asserts="1" />
              <test-case id="0-1321" name="RodControllerIsInjected" fullname="DNDGenSite.Tests.Integration.App_Start.WebModuleTests.RodControllerIsInjected" methodname="RodControllerIsInjected" classname="DNDGenSite.Tests.Integration.App_Start.WebModuleTests" runstate="Runnable" seed="1580379127" result="Passed" start-time="2016-04-07 12:50:38Z" end-time="2016-04-07 12:50:38Z" duration="0.005140" asserts="1" />
              <test-case id="0-1311" name="RollControllerIsInjected" fullname="DNDGenSite.Tests.Integration.App_Start.WebModuleTests.RollControllerIsInjected" methodname="RollControllerIsInjected" classname="DNDGenSite.Tests.Integration.App_Start.WebModuleTests" runstate="Runnable" seed="1527633510" result="Passed" start-time="2016-04-07 12:50:38Z" end-time="2016-04-07 12:50:38Z" duration="0.002315" asserts="1" />
              <test-case id="0-1331" name="RuntimeFactoryIsInjected" fullname="DNDGenSite.Tests.Integration.App_Start.WebModuleTests.RuntimeFactoryIsInjected" methodname="RuntimeFactoryIsInjected" classname="DNDGenSite.Tests.Integration.App_Start.WebModuleTests" runstate="Runnable" seed="1034448853" result="Passed" start-time="2016-04-07 12:50:38Z" end-time="2016-04-07 12:50:38Z" duration="0.000495" asserts="1" />
              <test-case id="0-1322" name="ScrollControllerIsInjected" fullname="DNDGenSite.Tests.Integration.App_Start.WebModuleTests.ScrollControllerIsInjected" methodname="ScrollControllerIsInjected" classname="DNDGenSite.Tests.Integration.App_Start.WebModuleTests" runstate="Runnable" seed="61832814" result="Passed" start-time="2016-04-07 12:50:38Z" end-time="2016-04-07 12:50:38Z" duration="0.008827" asserts="1" />
              <test-case id="0-1323" name="StaffControllerIsInjected" fullname="DNDGenSite.Tests.Integration.App_Start.WebModuleTests.StaffControllerIsInjected" methodname="StaffControllerIsInjected" classname="DNDGenSite.Tests.Integration.App_Start.WebModuleTests" runstate="Runnable" seed="1151242696" result="Passed" start-time="2016-04-07 12:50:38Z" end-time="2016-04-07 12:50:38Z" duration="0.005254" asserts="1" />
              <test-case id="0-1317" name="ToolControllerIsInjected" fullname="DNDGenSite.Tests.Integration.App_Start.WebModuleTests.ToolControllerIsInjected" methodname="ToolControllerIsInjected" classname="DNDGenSite.Tests.Integration.App_Start.WebModuleTests" runstate="Runnable" seed="486461623" result="Passed" start-time="2016-04-07 12:50:38Z" end-time="2016-04-07 12:50:38Z" duration="0.002645" asserts="1" />
              <test-case id="0-1312" name="TreasureControllerIsInjected" fullname="DNDGenSite.Tests.Integration.App_Start.WebModuleTests.TreasureControllerIsInjected" methodname="TreasureControllerIsInjected" classname="DNDGenSite.Tests.Integration.App_Start.WebModuleTests" runstate="Runnable" seed="1667916255" result="Passed" start-time="2016-04-07 12:50:38Z" end-time="2016-04-07 12:50:38Z" duration="0.007541" asserts="1" />
              <test-case id="0-1324" name="WandControllerIsInjected" fullname="DNDGenSite.Tests.Integration.App_Start.WebModuleTests.WandControllerIsInjected" methodname="WandControllerIsInjected" classname="DNDGenSite.Tests.Integration.App_Start.WebModuleTests" runstate="Runnable" seed="560092658" result="Passed" start-time="2016-04-07 12:50:38Z" end-time="2016-04-07 12:50:38Z" duration="0.005286" asserts="1" />
              <test-case id="0-1325" name="WeaponControllerIsInjected" fullname="DNDGenSite.Tests.Integration.App_Start.WebModuleTests.WeaponControllerIsInjected" methodname="WeaponControllerIsInjected" classname="DNDGenSite.Tests.Integration.App_Start.WebModuleTests" runstate="Runnable" seed="194278047" result="Passed" start-time="2016-04-07 12:50:38Z" end-time="2016-04-07 12:50:38Z" duration="0.006941" asserts="1" />
              <test-case id="0-1326" name="WondrousItemControllerIsInjected" fullname="DNDGenSite.Tests.Integration.App_Start.WebModuleTests.WondrousItemControllerIsInjected" methodname="WondrousItemControllerIsInjected" classname="DNDGenSite.Tests.Integration.App_Start.WebModuleTests" runstate="Runnable" seed="2119270158" result="Passed" start-time="2016-04-07 12:50:38Z" end-time="2016-04-07 12:50:38Z" duration="0.006392" asserts="1" />
            </test-suite>
          </test-suite>
          <test-suite type="TestSuite" id="0-1346" name="Repositories" fullname="DNDGenSite.Tests.Integration.Repositories" runstate="Runnable" testcasecount="4" result="Passed" start-time="2016-04-07 12:50:37Z" end-time="2016-04-07 12:50:45Z" duration="8.404790" total="4" passed="4" failed="0" inconclusive="0" skipped="0" asserts="4">
            <test-suite type="TestFixture" id="0-1301" name="GitHubClientTests" fullname="DNDGenSite.Tests.Integration.Repositories.GitHubClientTests" classname="DNDGenSite.Tests.Integration.Repositories.GitHubClientTests" runstate="Runnable" testcasecount="4" result="Passed" start-time="2016-04-07 12:50:38Z" end-time="2016-04-07 12:50:45Z" duration="7.377331" total="4" passed="4" failed="0" inconclusive="0" skipped="0" asserts="4">
              <test-case id="0-1303" name="CreateIssue" fullname="DNDGenSite.Tests.Integration.Repositories.GitHubClientTests.CreateIssue" methodname="CreateIssue" classname="DNDGenSite.Tests.Integration.Repositories.GitHubClientTests" runstate="Runnable" seed="413602722" result="Passed" start-time="2016-04-07 12:50:38Z" end-time="2016-04-07 12:50:40Z" duration="2.293697" asserts="1" />
              <test-case id="0-1305" name="CreateIssueComment" fullname="DNDGenSite.Tests.Integration.Repositories.GitHubClientTests.CreateIssueComment" methodname="CreateIssueComment" classname="DNDGenSite.Tests.Integration.Repositories.GitHubClientTests" runstate="Runnable" seed="1240403372" result="Passed" start-time="2016-04-07 12:50:40Z" end-time="2016-04-07 12:50:42Z" duration="1.370689" asserts="1" />
              <test-case id="0-1302" name="FilterByLabel" fullname="DNDGenSite.Tests.Integration.Repositories.GitHubClientTests.FilterByLabel" methodname="FilterByLabel" classname="DNDGenSite.Tests.Integration.Repositories.GitHubClientTests" runstate="Runnable" seed="789050830" result="Passed" start-time="2016-04-07 12:50:42Z" end-time="2016-04-07 12:50:43Z" duration="1.163540" asserts="1" />
              <test-case id="0-1304" name="UpdateIssue" fullname="DNDGenSite.Tests.Integration.Repositories.GitHubClientTests.UpdateIssue" methodname="UpdateIssue" classname="DNDGenSite.Tests.Integration.Repositories.GitHubClientTests" runstate="Runnable" seed="307070821" result="Passed" start-time="2016-04-07 12:50:43Z" end-time="2016-04-07 12:50:45Z" duration="2.530514" asserts="1" />
            </test-suite>
          </test-suite>
        </test-suite>
        <test-suite type="TestSuite" id="0-1338" name="Unit" fullname="DNDGenSite.Tests.Unit" runstate="Runnable" testcasecount="261" result="Passed" start-time="2016-04-07 12:50:37Z" end-time="2016-04-07 12:50:47Z" duration="10.129422" total="261" passed="261" failed="0" inconclusive="0" skipped="0" asserts="563">
          <test-suite type="TestSuite" id="0-1344" name="App_Start" fullname="DNDGenSite.Tests.Unit.App_Start" runstate="Runnable" testcasecount="22" result="Passed" start-time="2016-04-07 12:50:37Z" end-time="2016-04-07 12:50:45Z" duration="8.459216" total="22" passed="22" failed="0" inconclusive="0" skipped="0" asserts="82">
            <test-suite type="TestFixture" id="0-1275" name="RandomizerTypeConstantsTests" fullname="DNDGenSite.Tests.Unit.App_Start.RandomizerTypeConstantsTests" classname="DNDGenSite.Tests.Unit.App_Start.RandomizerTypeConstantsTests" runstate="Runnable" testcasecount="1" result="Passed" start-time="2016-04-07 12:50:45Z" end-time="2016-04-07 12:50:45Z" duration="0.007433" total="1" passed="1" failed="0" inconclusive="0" skipped="0" asserts="1">
              <test-suite type="ParameterizedMethod" id="0-1277" name="Constant" fullname="DNDGenSite.Tests.Unit.App_Start.RandomizerTypeConstantsTests.Constant" runstate="Runnable" testcasecount="1" result="Passed" start-time="2016-04-07 12:50:45Z" end-time="2016-04-07 12:50:45Z" duration="0.007281" total="1" passed="1" failed="0" inconclusive="0" skipped="0" asserts="1">
                <test-case id="0-1276" name="Constant(&quot;Set&quot;,&quot;Set&quot;)" fullname="DNDGenSite.Tests.Unit.App_Start.RandomizerTypeConstantsTests.Constant(&quot;Set&quot;,&quot;Set&quot;)" methodname="Constant" classname="DNDGenSite.Tests.Unit.App_Start.RandomizerTypeConstantsTests" runstate="Runnable" seed="288003822" result="Passed" start-time="2016-04-07 12:50:45Z" end-time="2016-04-07 12:50:45Z" duration="0.006852" asserts="1" />
              </test-suite>
            </test-suite>
            <test-suite type="TestFixture" id="0-1278" name="RouteTests" fullname="DNDGenSite.Tests.Unit.App_Start.RouteTests" classname="DNDGenSite.Tests.Unit.App_Start.RouteTests" runstate="Runnable" testcasecount="21" result="Passed" start-time="2016-04-07 12:50:45Z" end-time="2016-04-07 12:50:45Z" duration="0.046789" total="21" passed="21" failed="0" inconclusive="0" skipped="0" asserts="81">
              <test-suite type="ParameterizedMethod" id="0-1299" name="RouteIsMapped" fullname="DNDGenSite.Tests.Unit.App_Start.RouteTests.RouteIsMapped" runstate="Runnable" testcasecount="20" result="Passed" start-time="2016-04-07 12:50:45Z" end-time="2016-04-07 12:50:45Z" duration="0.043280" total="20" passed="20" failed="0" inconclusive="0" skipped="0" asserts="80">
                <test-case id="0-1279" name="RouteIsMapped(&quot;Default&quot;,&quot;{controller}/{action}&quot;,&quot;Home&quot;,&quot;Index&quot;)" fullname="DNDGenSite.Tests.Unit.App_Start.RouteTests.RouteIsMapped(&quot;Default&quot;,&quot;{controller}/{action}&quot;,&quot;Home&quot;,&quot;Index&quot;)" methodname="RouteIsMapped" classname="DNDGenSite.Tests.Unit.App_Start.RouteTests" runstate="Runnable" seed="1018758255" result="Passed" start-time="2016-04-07 12:50:45Z" end-time="2016-04-07 12:50:45Z" duration="0.034668" asserts="4" />
                <test-case id="0-1280" name="RouteIsMapped(&quot;StandardRoll&quot;,&quot;Roll/{action}/{quantity}&quot;,&quot;Roll&quot;,&quot;D20&quot;)" fullname="DNDGenSite.Tests.Unit.App_Start.RouteTests.RouteIsMapped(&quot;StandardRoll&quot;,&quot;Roll/{action}/{quantity}&quot;,&quot;Roll&quot;,&quot;D20&quot;)" methodname="RouteIsMapped" classname="DNDGenSite.Tests.Unit.App_Start.RouteTests" runstate="Runnable" seed="859302725" result="Passed" start-time="2016-04-07 12:50:45Z" end-time="2016-04-07 12:50:45Z" duration="0.000188" asserts="4" />
                <test-case id="0-1281" name="RouteIsMapped(&quot;CustomRoll&quot;,&quot;Roll/Custom/{quantity}/{die}&quot;,&quot;Roll&quot;,&quot;Custom&quot;)" fullname="DNDGenSite.Tests.Unit.App_Start.RouteTests.RouteIsMapped(&quot;CustomRoll&quot;,&quot;Roll/Custom/{quantity}/{die}&quot;,&quot;Roll&quot;,&quot;Custom&quot;)" methodname="RouteIsMapped" classname="DNDGenSite.Tests.Unit.App_Start.RouteTests" runstate="Runnable" seed="1993875181" result="Passed" start-time="2016-04-07 12:50:45Z" end-time="2016-04-07 12:50:45Z" duration="0.000200" asserts="4" />
                <test-case id="0-1282" name="RouteIsMapped(&quot;Treasure&quot;,&quot;Treasure/Generate/{level}&quot;,&quot;Treasure&quot;,&quot;Generate&quot;)" fullname="DNDGenSite.Tests.Unit.App_Start.RouteTests.RouteIsMapped(&quot;Treasure&quot;,&quot;Treasure/Generate/{level}&quot;,&quot;Treasure&quot;,&quot;Generate&quot;)" methodname="RouteIsMapped" classname="DNDGenSite.Tests.Unit.App_Start.RouteTests" runstate="Runnable" seed="139304633" result="Passed" start-time="2016-04-07 12:50:45Z" end-time="2016-04-07 12:50:45Z" duration="0.000181" asserts="4" />
                <test-case id="0-1283" name="RouteIsMapped(&quot;Coin&quot;,&quot;Treasures/Coin/Generate/{level}&quot;,&quot;Coin&quot;,&quot;Generate&quot;)" fullname="DNDGenSite.Tests.Unit.App_Start.RouteTests.RouteIsMapped(&quot;Coin&quot;,&quot;Treasures/Coin/Generate/{level}&quot;,&quot;Coin&quot;,&quot;Generate&quot;)" methodname="RouteIsMapped" classname="DNDGenSite.Tests.Unit.App_Start.RouteTests" runstate="Runnable" seed="2094025426" result="Passed" start-time="2016-04-07 12:50:45Z" end-time="2016-04-07 12:50:45Z" duration="0.000227" asserts="4" />
                <test-case id="0-1284" name="RouteIsMapped(&quot;Goods&quot;,&quot;Treasures/Goods/Generate/{level}&quot;,&quot;Goods&quot;,&quot;Generate&quot;)" fullname="DNDGenSite.Tests.Unit.App_Start.RouteTests.RouteIsMapped(&quot;Goods&quot;,&quot;Treasures/Goods/Generate/{level}&quot;,&quot;Goods&quot;,&quot;Generate&quot;)" methodname="RouteIsMapped" classname="DNDGenSite.Tests.Unit.App_Start.RouteTests" runstate="Runnable" seed="684358354" result="Passed" start-time="2016-04-07 12:50:45Z" end-time="2016-04-07 12:50:45Z" duration="0.000180" asserts="4" />
                <test-case id="0-1285" name="RouteIsMapped(&quot;Items&quot;,&quot;Treasures/Items/Generate/{level}&quot;,&quot;Items&quot;,&quot;Generate&quot;)" fullname="DNDGenSite.Tests.Unit.App_Start.RouteTests.RouteIsMapped(&quot;Items&quot;,&quot;Treasures/Items/Generate/{level}&quot;,&quot;Items&quot;,&quot;Generate&quot;)" methodname="RouteIsMapped" classname="DNDGenSite.Tests.Unit.App_Start.RouteTests" runstate="Runnable" seed="1221672282" result="Passed" start-time="2016-04-07 12:50:45Z" end-time="2016-04-07 12:50:45Z" duration="0.000199" asserts="4" />
                <test-case id="0-1286" name="RouteIsMapped(&quot;AlchemicalItem&quot;,&quot;Treasures/AlchemicalItem/Generate&quot;,&quot;AlchemicalItem&quot;,&quot;Generate&quot;)" fullname="DNDGenSite.Tests.Unit.App_Start.RouteTests.RouteIsMapped(&quot;AlchemicalItem&quot;,&quot;Treasures/AlchemicalItem/Generate&quot;,&quot;AlchemicalItem&quot;,&quot;Generate&quot;)" methodname="RouteIsMapped" classname="DNDGenSite.Tests.Unit.App_Start.RouteTests" runstate="Runnable" seed="1718390513" result="Passed" start-time="2016-04-07 12:50:45Z" end-time="2016-04-07 12:50:45Z" duration="0.000198" asserts="4" />
                <test-case id="0-1287" name="RouteIsMapped(&quot;Tool&quot;,&quot;Treasures/Tool/Generate&quot;,&quot;Tool&quot;,&quot;Generate&quot;)" fullname="DNDGenSite.Tests.Unit.App_Start.RouteTests.RouteIsMapped(&quot;Tool&quot;,&quot;Treasures/Tool/Generate&quot;,&quot;Tool&quot;,&quot;Generate&quot;)" methodname="RouteIsMapped" classname="DNDGenSite.Tests.Unit.App_Start.RouteTests" runstate="Runnable" seed="1625447837" result="Passed" start-time="2016-04-07 12:50:45Z" end-time="2016-04-07 12:50:45Z" duration="0.000191" asserts="4" />
                <test-case id="0-1288" name="RouteIsMapped(&quot;Armor&quot;,&quot;Treasures/Armor/Generate/{power}&quot;,&quot;Armor&quot;,&quot;Generate&quot;)" fullname="DNDGenSite.Tests.Unit.App_Start.RouteTests.RouteIsMapped(&quot;Armor&quot;,&quot;Treasures/Armor/Generate/{power}&quot;,&quot;Armor&quot;,&quot;Generate&quot;)" methodname="RouteIsMapped" classname="DNDGenSite.Tests.Unit.App_Start.RouteTests" runstate="Runnable" seed="1160535827" result="Passed" start-time="2016-04-07 12:50:45Z" end-time="2016-04-07 12:50:45Z" duration="0.000168" asserts="4" />
                <test-case id="0-1289" name="RouteIsMapped(&quot;Potion&quot;,&quot;Treasures/Potion/Generate/{power}&quot;,&quot;Potion&quot;,&quot;Generate&quot;)" fullname="DNDGenSite.Tests.Unit.App_Start.RouteTests.RouteIsMapped(&quot;Potion&quot;,&quot;Treasures/Potion/Generate/{power}&quot;,&quot;Potion&quot;,&quot;Generate&quot;)" methodname="RouteIsMapped" classname="DNDGenSite.Tests.Unit.App_Start.RouteTests" runstate="Runnable" seed="920685887" result="Passed" start-time="2016-04-07 12:50:45Z" end-time="2016-04-07 12:50:45Z" duration="0.000161" asserts="4" />
                <test-case id="0-1290" name="RouteIsMapped(&quot;Ring&quot;,&quot;Treasures/Ring/Generate/{power}&quot;,&quot;Ring&quot;,&quot;Generate&quot;)" fullname="DNDGenSite.Tests.Unit.App_Start.RouteTests.RouteIsMapped(&quot;Ring&quot;,&quot;Treasures/Ring/Generate/{power}&quot;,&quot;Ring&quot;,&quot;Generate&quot;)" methodname="RouteIsMapped" classname="DNDGenSite.Tests.Unit.App_Start.RouteTests" runstate="Runnable" seed="734487104" result="Passed" start-time="2016-04-07 12:50:45Z" end-time="2016-04-07 12:50:45Z" duration="0.000184" asserts="4" />
                <test-case id="0-1291" name="RouteIsMapped(&quot;Rod&quot;,&quot;Treasures/Rod/Generate/{power}&quot;,&quot;Rod&quot;,&quot;Generate&quot;)" fullname="DNDGenSite.Tests.Unit.App_Start.RouteTests.RouteIsMapped(&quot;Rod&quot;,&quot;Treasures/Rod/Generate/{power}&quot;,&quot;Rod&quot;,&quot;Generate&quot;)" methodname="RouteIsMapped" classname="DNDGenSite.Tests.Unit.App_Start.RouteTests" runstate="Runnable" seed="2103003064" result="Passed" start-time="2016-04-07 12:50:45Z" end-time="2016-04-07 12:50:45Z" duration="0.000218" asserts="4" />
                <test-case id="0-1292" name="RouteIsMapped(&quot;Scroll&quot;,&quot;Treasures/Scroll/Generate/{power}&quot;,&quot;Scroll&quot;,&quot;Generate&quot;)" fullname="DNDGenSite.Tests.Unit.App_Start.RouteTests.RouteIsMapped(&quot;Scroll&quot;,&quot;Treasures/Scroll/Generate/{power}&quot;,&quot;Scroll&quot;,&quot;Generate&quot;)" methodname="RouteIsMapped" classname="DNDGenSite.Tests.Unit.App_Start.RouteTests" runstate="Runnable" seed="2043674608" result="Passed" start-time="2016-04-07 12:50:45Z" end-time="2016-04-07 12:50:45Z" duration="0.000180" asserts="4" />
                <test-case id="0-1293" name="RouteIsMapped(&quot;Staff&quot;,&quot;Treasures/Staff/Generate/{power}&quot;,&quot;Staff&quot;,&quot;Generate&quot;)" fullname="DNDGenSite.Tests.Unit.App_Start.RouteTests.RouteIsMapped(&quot;Staff&quot;,&quot;Treasures/Staff/Generate/{power}&quot;,&quot;Staff&quot;,&quot;Generate&quot;)" methodname="RouteIsMapped" classname="DNDGenSite.Tests.Unit.App_Start.RouteTests" runstate="Runnable" seed="1060048067" result="Passed" start-time="2016-04-07 12:50:45Z" end-time="2016-04-07 12:50:45Z" duration="0.000215" asserts="4" />
                <test-case id="0-1294" name="RouteIsMapped(&quot;Wand&quot;,&quot;Treasures/Wand/Generate/{power}&quot;,&quot;Wand&quot;,&quot;Generate&quot;)" fullname="DNDGenSite.Tests.Unit.App_Start.RouteTests.RouteIsMapped(&quot;Wand&quot;,&quot;Treasures/Wand/Generate/{power}&quot;,&quot;Wand&quot;,&quot;Generate&quot;)" methodname="RouteIsMapped" classname="DNDGenSite.Tests.Unit.App_Start.RouteTests" runstate="Runnable" seed="1972060906" result="Passed" start-time="2016-04-07 12:50:45Z" end-time="2016-04-07 12:50:45Z" duration="0.000181" asserts="4" />
                <test-case id="0-1295" name="RouteIsMapped(&quot;Weapon&quot;,&quot;Treasures/Weapon/Generate/{power}&quot;,&quot;Weapon&quot;,&quot;Generate&quot;)" fullname="DNDGenSite.Tests.Unit.App_Start.RouteTests.RouteIsMapped(&quot;Weapon&quot;,&quot;Treasures/Weapon/Generate/{power}&quot;,&quot;Weapon&quot;,&quot;Generate&quot;)" methodname="RouteIsMapped" classname="DNDGenSite.Tests.Unit.App_Start.RouteTests" runstate="Runnable" seed="1998320721" result="Passed" start-time="2016-04-07 12:50:45Z" end-time="2016-04-07 12:50:45Z" duration="0.000192" asserts="4" />
                <test-case id="0-1296" name="RouteIsMapped(&quot;WondrousItem&quot;,&quot;Treasures/WondrousItem/Generate/{power}&quot;,&quot;WondrousItem&quot;,&quot;Generate&quot;)" fullname="DNDGenSite.Tests.Unit.App_Start.RouteTests.RouteIsMapped(&quot;WondrousItem&quot;,&quot;Treasures/WondrousItem/Generate/{power}&quot;,&quot;WondrousItem&quot;,&quot;Generate&quot;)" methodname="RouteIsMapped" classname="DNDGenSite.Tests.Unit.App_Start.RouteTests" runstate="Runnable" seed="57435904" result="Passed" start-time="2016-04-07 12:50:45Z" end-time="2016-04-07 12:50:45Z" duration="0.000180" asserts="4" />
                <test-case id="0-1297" name="RouteIsMapped(&quot;Randomizers&quot;,&quot;Characters/Randomizers/{action}&quot;,&quot;Randomizers&quot;,&quot;Verify&quot;)" fullname="DNDGenSite.Tests.Unit.App_Start.RouteTests.RouteIsMapped(&quot;Randomizers&quot;,&quot;Characters/Randomizers/{action}&quot;,&quot;Randomizers&quot;,&quot;Verify&quot;)" methodname="RouteIsMapped" classname="DNDGenSite.Tests.Unit.App_Start.RouteTests" runstate="Runnable" seed="1949621849" result="Passed" start-time="2016-04-07 12:50:45Z" end-time="2016-04-07 12:50:45Z" duration="0.000162" asserts="4" />
                <test-case id="0-1298" name="RouteIsMapped(&quot;Leadership&quot;,&quot;Characters/Leadership/{action}&quot;,&quot;Leadership&quot;,&quot;Generate&quot;)" fullname="DNDGenSite.Tests.Unit.App_Start.RouteTests.RouteIsMapped(&quot;Leadership&quot;,&quot;Characters/Leadership/{action}&quot;,&quot;Leadership&quot;,&quot;Generate&quot;)" methodname="RouteIsMapped" classname="DNDGenSite.Tests.Unit.App_Start.RouteTests" runstate="Runnable" seed="1747038464" result="Passed" start-time="2016-04-07 12:50:45Z" end-time="2016-04-07 12:50:45Z" duration="0.000161" asserts="4" />
              </test-suite>
              <test-case id="0-1300" name="RoutesMapped" fullname="DNDGenSite.Tests.Unit.App_Start.RouteTests.RoutesMapped" methodname="RoutesMapped" classname="DNDGenSite.Tests.Unit.App_Start.RouteTests" runstate="Runnable" seed="70723628" result="Passed" start-time="2016-04-07 12:50:45Z" end-time="2016-04-07 12:50:45Z" duration="0.003181" asserts="1" />
            </test-suite>
          </test-suite>
          <test-suite type="TestSuite" id="0-1341" name="Controllers" fullname="DNDGenSite.Tests.Unit.Controllers" runstate="Runnable" testcasecount="213" result="Passed" start-time="2016-04-07 12:50:37Z" end-time="2016-04-07 12:50:47Z" duration="9.846774" total="213" passed="213" failed="0" inconclusive="0" skipped="0" asserts="433">
            <test-suite type="TestFixture" id="0-1120" name="CharacterControllerTests" fullname="DNDGenSite.Tests.Unit.Controllers.CharacterControllerTests" classname="DNDGenSite.Tests.Unit.Controllers.CharacterControllerTests" runstate="Runnable" testcasecount="21" result="Passed" start-time="2016-04-07 12:50:45Z" end-time="2016-04-07 12:50:46Z" duration="0.734045" total="21" passed="21" failed="0" inconclusive="0" skipped="0" asserts="159">
              <test-suite type="ParameterizedMethod" id="0-1123" name="ActionHandlesGetVerb" fullname="DNDGenSite.Tests.Unit.Controllers.CharacterControllerTests.ActionHandlesGetVerb" runstate="Runnable" testcasecount="2" result="Passed" start-time="2016-04-07 12:50:45Z" end-time="2016-04-07 12:50:45Z" duration="0.143941" total="2" passed="2" failed="0" inconclusive="0" skipped="0" asserts="2">
                <test-case id="0-1121" name="ActionHandlesGetVerb(&quot;Index&quot;)" fullname="DNDGenSite.Tests.Unit.Controllers.CharacterControllerTests.ActionHandlesGetVerb(&quot;Index&quot;)" methodname="ActionHandlesGetVerb" classname="DNDGenSite.Tests.Unit.Controllers.CharacterControllerTests" runstate="Runnable" seed="1274668719" result="Passed" start-time="2016-04-07 12:50:45Z" end-time="2016-04-07 12:50:45Z" duration="0.143229" asserts="1" />
                <test-case id="0-1122" name="ActionHandlesGetVerb(&quot;Generate&quot;)" fullname="DNDGenSite.Tests.Unit.Controllers.CharacterControllerTests.ActionHandlesGetVerb(&quot;Generate&quot;)" methodname="ActionHandlesGetVerb" classname="DNDGenSite.Tests.Unit.Controllers.CharacterControllerTests" runstate="Runnable" seed="1507424121" result="Passed" start-time="2016-04-07 12:50:45Z" end-time="2016-04-07 12:50:45Z" duration="0.000103" asserts="1" />
              </test-suite>
              <test-case id="0-1140" name="DoNotHaveToPassInOptionalParameters" fullname="DNDGenSite.Tests.Unit.Controllers.CharacterControllerTests.DoNotHaveToPassInOptionalParameters" methodname="DoNotHaveToPassInOptionalParameters" classname="DNDGenSite.Tests.Unit.Controllers.CharacterControllerTests" runstate="Runnable" seed="958776360" result="Passed" start-time="2016-04-07 12:50:45Z" end-time="2016-04-07 12:50:46Z" duration="0.441703" asserts="1" />
              <test-case id="0-1138" name="GenerateJsonResultAllowsGet" fullname="DNDGenSite.Tests.Unit.Controllers.CharacterControllerTests.GenerateJsonResultAllowsGet" methodname="GenerateJsonResultAllowsGet" classname="DNDGenSite.Tests.Unit.Controllers.CharacterControllerTests" runstate="Runnable" seed="1791378015" result="Passed" start-time="2016-04-07 12:50:46Z" end-time="2016-04-07 12:50:46Z" duration="0.013686" asserts="1" />
              <test-case id="0-1139" name="GenerateReturnsCharacterFromGenerator" fullname="DNDGenSite.Tests.Unit.Controllers.CharacterControllerTests.GenerateReturnsCharacterFromGenerator" methodname="GenerateReturnsCharacterFromGenerator" classname="DNDGenSite.Tests.Unit.Controllers.CharacterControllerTests" runstate="Runnable" seed="860996854" result="Passed" start-time="2016-04-07 12:50:46Z" end-time="2016-04-07 12:50:46Z" duration="0.016883" asserts="1" />
              <test-case id="0-1137" name="GenerateReturnsJsonResult" fullname="DNDGenSite.Tests.Unit.Controllers.CharacterControllerTests.GenerateReturnsJsonResult" methodname="GenerateReturnsJsonResult" classname="DNDGenSite.Tests.Unit.Controllers.CharacterControllerTests" runstate="Runnable" seed="630744275" result="Passed" start-time="2016-04-07 12:50:46Z" end-time="2016-04-07 12:50:46Z" duration="0.012198" asserts="1" />
              <test-case id="0-1141" name="GenerateSortsCharacterFeats" fullname="DNDGenSite.Tests.Unit.Controllers.CharacterControllerTests.GenerateSortsCharacterFeats" methodname="GenerateSortsCharacterFeats" classname="DNDGenSite.Tests.Unit.Controllers.CharacterControllerTests" runstate="Runnable" seed="481194630" result="Passed" start-time="2016-04-07 12:50:46Z" end-time="2016-04-07 12:50:46Z" duration="0.021515" asserts="2" />
              <test-case id="0-1142" name="GenerateSortsCharacterSkills" fullname="DNDGenSite.Tests.Unit.Controllers.CharacterControllerTests.GenerateSortsCharacterSkills" methodname="GenerateSortsCharacterSkills" classname="DNDGenSite.Tests.Unit.Controllers.CharacterControllerTests" runstate="Runnable" seed="1583912727" result="Passed" start-time="2016-04-07 12:50:46Z" end-time="2016-04-07 12:50:46Z" duration="0.050278" asserts="5" />
              <test-case id="0-1124" name="IndexReturnsView" fullname="DNDGenSite.Tests.Unit.Controllers.CharacterControllerTests.IndexReturnsView" methodname="IndexReturnsView" classname="DNDGenSite.Tests.Unit.Controllers.CharacterControllerTests" runstate="Runnable" seed="204493372" result="Passed" start-time="2016-04-07 12:50:46Z" end-time="2016-04-07 12:50:46Z" duration="0.008841" asserts="1" />
              <test-case id="0-1125" name="IndexViewContainsModel" fullname="DNDGenSite.Tests.Unit.Controllers.CharacterControllerTests.IndexViewContainsModel" methodname="IndexViewContainsModel" classname="DNDGenSite.Tests.Unit.Controllers.CharacterControllerTests" runstate="Runnable" seed="178212199" result="Passed" start-time="2016-04-07 12:50:46Z" end-time="2016-04-07 12:50:46Z" duration="0.000411" asserts="1" />
              <test-case id="0-1126" name="IndexViewHasAlignmentRandomizerTypes" fullname="DNDGenSite.Tests.Unit.Controllers.CharacterControllerTests.IndexViewHasAlignmentRandomizerTypes" methodname="IndexViewHasAlignmentRandomizerTypes" classname="DNDGenSite.Tests.Unit.Controllers.CharacterControllerTests" runstate="Runnable" seed="1625998021" result="Passed" start-time="2016-04-07 12:50:46Z" end-time="2016-04-07 12:50:46Z" duration="0.003221" asserts="13" />
              <test-case id="0-1127" name="IndexViewHasAlignments" fullname="DNDGenSite.Tests.Unit.Controllers.CharacterControllerTests.IndexViewHasAlignments" methodname="IndexViewHasAlignments" classname="DNDGenSite.Tests.Unit.Controllers.CharacterControllerTests" runstate="Runnable" seed="624510494" result="Passed" start-time="2016-04-07 12:50:46Z" end-time="2016-04-07 12:50:46Z" duration="0.001070" asserts="10" />
              <test-case id="0-1131" name="IndexViewHasBaseRaceRandomizerTypes" fullname="DNDGenSite.Tests.Unit.Controllers.CharacterControllerTests.IndexViewHasBaseRaceRandomizerTypes" methodname="IndexViewHasBaseRaceRandomizerTypes" classname="DNDGenSite.Tests.Unit.Controllers.CharacterControllerTests" runstate="Runnable" seed="867165163" result="Passed" start-time="2016-04-07 12:50:46Z" end-time="2016-04-07 12:50:46Z" duration="0.000987" asserts="11" />
              <test-case id="0-1132" name="IndexViewHasBaseRaces" fullname="DNDGenSite.Tests.Unit.Controllers.CharacterControllerTests.IndexViewHasBaseRaces" methodname="IndexViewHasBaseRaces" classname="DNDGenSite.Tests.Unit.Controllers.CharacterControllerTests" runstate="Runnable" seed="2007854938" result="Passed" start-time="2016-04-07 12:50:46Z" end-time="2016-04-07 12:50:46Z" duration="0.002656" asserts="35" />
              <test-case id="0-1128" name="IndexViewHasClassNameRandomizerTypes" fullname="DNDGenSite.Tests.Unit.Controllers.CharacterControllerTests.IndexViewHasClassNameRandomizerTypes" methodname="IndexViewHasClassNameRandomizerTypes" classname="DNDGenSite.Tests.Unit.Controllers.CharacterControllerTests" runstate="Runnable" seed="1713556715" result="Passed" start-time="2016-04-07 12:50:46Z" end-time="2016-04-07 12:50:46Z" duration="0.000990" asserts="10" />
              <test-case id="0-1129" name="IndexViewHasClassNames" fullname="DNDGenSite.Tests.Unit.Controllers.CharacterControllerTests.IndexViewHasClassNames" methodname="IndexViewHasClassNames" classname="DNDGenSite.Tests.Unit.Controllers.CharacterControllerTests" runstate="Runnable" seed="594874585" result="Passed" start-time="2016-04-07 12:50:46Z" end-time="2016-04-07 12:50:46Z" duration="0.001345" asserts="17" />
              <test-case id="0-1136" name="IndexViewHasDefaultRandomizerTypeFirst" fullname="DNDGenSite.Tests.Unit.Controllers.CharacterControllerTests.IndexViewHasDefaultRandomizerTypeFirst" methodname="IndexViewHasDefaultRandomizerTypeFirst" classname="DNDGenSite.Tests.Unit.Controllers.CharacterControllerTests" runstate="Runnable" seed="1426137506" result="Passed" start-time="2016-04-07 12:50:46Z" end-time="2016-04-07 12:50:46Z" duration="0.000860" asserts="6" />
              <test-case id="0-1130" name="IndexViewHasLevelRandomizerTypes" fullname="DNDGenSite.Tests.Unit.Controllers.CharacterControllerTests.IndexViewHasLevelRandomizerTypes" methodname="IndexViewHasLevelRandomizerTypes" classname="DNDGenSite.Tests.Unit.Controllers.CharacterControllerTests" runstate="Runnable" seed="1526609962" result="Passed" start-time="2016-04-07 12:50:46Z" end-time="2016-04-07 12:50:46Z" duration="0.000782" asserts="7" />
              <test-case id="0-1133" name="IndexViewHasMetaraceRandomizerTypes" fullname="DNDGenSite.Tests.Unit.Controllers.CharacterControllerTests.IndexViewHasMetaraceRandomizerTypes" methodname="IndexViewHasMetaraceRandomizerTypes" classname="DNDGenSite.Tests.Unit.Controllers.CharacterControllerTests" runstate="Runnable" seed="192086313" result="Passed" start-time="2016-04-07 12:50:46Z" end-time="2016-04-07 12:50:46Z" duration="0.001107" asserts="13" />
              <test-case id="0-1134" name="IndexViewHasMetaraces" fullname="DNDGenSite.Tests.Unit.Controllers.CharacterControllerTests.IndexViewHasMetaraces" methodname="IndexViewHasMetaraces" classname="DNDGenSite.Tests.Unit.Controllers.CharacterControllerTests" runstate="Runnable" seed="923203722" result="Passed" start-time="2016-04-07 12:50:46Z" end-time="2016-04-07 12:50:46Z" duration="0.001175" asserts="12" />
              <test-case id="0-1135" name="IndexViewHasStatsRandomizerTypes" fullname="DNDGenSite.Tests.Unit.Controllers.CharacterControllerTests.IndexViewHasStatsRandomizerTypes" methodname="IndexViewHasStatsRandomizerTypes" classname="DNDGenSite.Tests.Unit.Controllers.CharacterControllerTests" runstate="Runnable" seed="1523258905" result="Passed" start-time="2016-04-07 12:50:46Z" end-time="2016-04-07 12:50:46Z" duration="0.001004" asserts="10" />
            </test-suite>
            <test-suite type="TestSuite" id="0-1343" name="Characters" fullname="DNDGenSite.Tests.Unit.Controllers.Characters" runstate="Runnable" testcasecount="22" result="Passed" start-time="2016-04-07 12:50:37Z" end-time="2016-04-07 12:50:46Z" duration="9.331804" total="22" passed="22" failed="0" inconclusive="0" skipped="0" asserts="32">
              <test-suite type="TestFixture" id="0-1250" name="LeadershipControllerTests" fullname="DNDGenSite.Tests.Unit.Controllers.Characters.LeadershipControllerTests" classname="DNDGenSite.Tests.Unit.Controllers.Characters.LeadershipControllerTests" runstate="Runnable" testcasecount="16" result="Passed" start-time="2016-04-07 12:50:46Z" end-time="2016-04-07 12:50:46Z" duration="0.088752" total="16" passed="16" failed="0" inconclusive="0" skipped="0" asserts="26">
                <test-suite type="ParameterizedMethod" id="0-1254" name="ActionHandlesGetVerb" fullname="DNDGenSite.Tests.Unit.Controllers.Characters.LeadershipControllerTests.ActionHandlesGetVerb" runstate="Runnable" testcasecount="3" result="Passed" start-time="2016-04-07 12:50:46Z" end-time="2016-04-07 12:50:46Z" duration="0.005354" total="3" passed="3" failed="0" inconclusive="0" skipped="0" asserts="3">
                  <test-case id="0-1251" name="ActionHandlesGetVerb(&quot;Generate&quot;)" fullname="DNDGenSite.Tests.Unit.Controllers.Characters.LeadershipControllerTests.ActionHandlesGetVerb(&quot;Generate&quot;)" methodname="ActionHandlesGetVerb" classname="DNDGenSite.Tests.Unit.Controllers.Characters.LeadershipControllerTests" runstate="Runnable" seed="1319097688" result="Passed" start-time="2016-04-07 12:50:46Z" end-time="2016-04-07 12:50:46Z" duration="0.004522" asserts="1" />
                  <test-case id="0-1252" name="ActionHandlesGetVerb(&quot;Cohort&quot;)" fullname="DNDGenSite.Tests.Unit.Controllers.Characters.LeadershipControllerTests.ActionHandlesGetVerb(&quot;Cohort&quot;)" methodname="ActionHandlesGetVerb" classname="DNDGenSite.Tests.Unit.Controllers.Characters.LeadershipControllerTests" runstate="Runnable" seed="680553816" result="Passed" start-time="2016-04-07 12:50:46Z" end-time="2016-04-07 12:50:46Z" duration="0.000089" asserts="1" />
                  <test-case id="0-1253" name="ActionHandlesGetVerb(&quot;Follower&quot;)" fullname="DNDGenSite.Tests.Unit.Controllers.Characters.LeadershipControllerTests.ActionHandlesGetVerb(&quot;Follower&quot;)" methodname="ActionHandlesGetVerb" classname="DNDGenSite.Tests.Unit.Controllers.Characters.LeadershipControllerTests" runstate="Runnable" seed="1887631672" result="Passed" start-time="2016-04-07 12:50:46Z" end-time="2016-04-07 12:50:46Z" duration="0.000077" asserts="1" />
                </test-suite>
                <test-case id="0-1259" name="CohortJsonResultAllowsGet" fullname="DNDGenSite.Tests.Unit.Controllers.Characters.LeadershipControllerTests.CohortJsonResultAllowsGet" methodname="CohortJsonResultAllowsGet" classname="DNDGenSite.Tests.Unit.Controllers.Characters.LeadershipControllerTests" runstate="Runnable" seed="850367267" result="Passed" start-time="2016-04-07 12:50:46Z" end-time="2016-04-07 12:50:46Z" duration="0.003128" asserts="1" />
                <test-case id="0-1260" name="CohortReturnsCohortFromGenerator" fullname="DNDGenSite.Tests.Unit.Controllers.Characters.LeadershipControllerTests.CohortReturnsCohortFromGenerator" methodname="CohortReturnsCohortFromGenerator" classname="DNDGenSite.Tests.Unit.Controllers.Characters.LeadershipControllerTests" runstate="Runnable" seed="634586590" result="Passed" start-time="2016-04-07 12:50:46Z" end-time="2016-04-07 12:50:46Z" duration="0.003840" asserts="1" />
                <test-case id="0-1258" name="CohortReturnsJsonResult" fullname="DNDGenSite.Tests.Unit.Controllers.Characters.LeadershipControllerTests.CohortReturnsJsonResult" methodname="CohortReturnsJsonResult" classname="DNDGenSite.Tests.Unit.Controllers.Characters.LeadershipControllerTests" runstate="Runnable" seed="1474199163" result="Passed" start-time="2016-04-07 12:50:46Z" end-time="2016-04-07 12:50:46Z" duration="0.001216" asserts="1" />
                <test-case id="0-1261" name="CohortSortsCharacterFeats" fullname="DNDGenSite.Tests.Unit.Controllers.Characters.LeadershipControllerTests.CohortSortsCharacterFeats" methodname="CohortSortsCharacterFeats" classname="DNDGenSite.Tests.Unit.Controllers.Characters.LeadershipControllerTests" runstate="Runnable" seed="1361766417" result="Passed" start-time="2016-04-07 12:50:46Z" end-time="2016-04-07 12:50:46Z" duration="0.006604" asserts="2" />
                <test-case id="0-1262" name="CohortSortsCharacterSkills" fullname="DNDGenSite.Tests.Unit.Controllers.Characters.LeadershipControllerTests.CohortSortsCharacterSkills" methodname="CohortSortsCharacterSkills" classname="DNDGenSite.Tests.Unit.Controllers.Characters.LeadershipControllerTests" runstate="Runnable" seed="1700027254" result="Passed" start-time="2016-04-07 12:50:46Z" end-time="2016-04-07 12:50:46Z" duration="0.024162" asserts="5" />
                <test-case id="0-1264" name="FollowerJsonResultAllowsGet" fullname="DNDGenSite.Tests.Unit.Controllers.Characters.LeadershipControllerTests.FollowerJsonResultAllowsGet" methodname="FollowerJsonResultAllowsGet" classname="DNDGenSite.Tests.Unit.Controllers.Characters.LeadershipControllerTests" runstate="Runnable" seed="227797946" result="Passed" start-time="2016-04-07 12:50:46Z" end-time="2016-04-07 12:50:46Z" duration="0.002658" asserts="1" />
                <test-case id="0-1265" name="FollowerReturnsFollowerFromGenerator" fullname="DNDGenSite.Tests.Unit.Controllers.Characters.LeadershipControllerTests.FollowerReturnsFollowerFromGenerator" methodname="FollowerReturnsFollowerFromGenerator" classname="DNDGenSite.Tests.Unit.Controllers.Characters.LeadershipControllerTests" runstate="Runnable" seed="880241083" result="Passed" start-time="2016-04-07 12:50:46Z" end-time="2016-04-07 12:50:46Z" duration="0.003145" asserts="1" />
                <test-case id="0-1263" name="FollowerReturnsJsonResult" fullname="DNDGenSite.Tests.Unit.Controllers.Characters.LeadershipControllerTests.FollowerReturnsJsonResult" methodname="FollowerReturnsJsonResult" classname="DNDGenSite.Tests.Unit.Controllers.Characters.LeadershipControllerTests" runstate="Runnable" seed="951439104" result="Passed" start-time="2016-04-07 12:50:46Z" end-time="2016-04-07 12:50:46Z" duration="0.001035" asserts="1" />
                <test-case id="0-1266" name="FollowerSortsCharacterFeats" fullname="DNDGenSite.Tests.Unit.Controllers.Characters.LeadershipControllerTests.FollowerSortsCharacterFeats" methodname="FollowerSortsCharacterFeats" classname="DNDGenSite.Tests.Unit.Controllers.Characters.LeadershipControllerTests" runstate="Runnable" seed="570192490" result="Passed" start-time="2016-04-07 12:50:46Z" end-time="2016-04-07 12:50:46Z" duration="0.006207" asserts="2" />
                <test-case id="0-1267" name="FollowerSortsCharacterSkills" fullname="DNDGenSite.Tests.Unit.Controllers.Characters.LeadershipControllerTests.FollowerSortsCharacterSkills" methodname="FollowerSortsCharacterSkills" classname="DNDGenSite.Tests.Unit.Controllers.Characters.LeadershipControllerTests" runstate="Runnable" seed="1086435579" result="Passed" start-time="2016-04-07 12:50:46Z" end-time="2016-04-07 12:50:46Z" duration="0.020301" asserts="5" />
                <test-case id="0-1256" name="GenerateJsonResultAllowsGet" fullname="DNDGenSite.Tests.Unit.Controllers.Characters.LeadershipControllerTests.GenerateJsonResultAllowsGet" methodname="GenerateJsonResultAllowsGet" classname="DNDGenSite.Tests.Unit.Controllers.Characters.LeadershipControllerTests" runstate="Runnable" seed="935471272" result="Passed" start-time="2016-04-07 12:50:46Z" end-time="2016-04-07 12:50:46Z" duration="0.003164" asserts="1" />
                <test-case id="0-1255" name="GenerateReturnsJsonResult" fullname="DNDGenSite.Tests.Unit.Controllers.Characters.LeadershipControllerTests.GenerateReturnsJsonResult" methodname="GenerateReturnsJsonResult" classname="DNDGenSite.Tests.Unit.Controllers.Characters.LeadershipControllerTests" runstate="Runnable" seed="186931543" result="Passed" start-time="2016-04-07 12:50:46Z" end-time="2016-04-07 12:50:46Z" duration="0.000315" asserts="1" />
                <test-case id="0-1257" name="GenerateReturnsLeadershipFromGenerator" fullname="DNDGenSite.Tests.Unit.Controllers.Characters.LeadershipControllerTests.GenerateReturnsLeadershipFromGenerator" methodname="GenerateReturnsLeadershipFromGenerator" classname="DNDGenSite.Tests.Unit.Controllers.Characters.LeadershipControllerTests" runstate="Runnable" seed="1436075401" result="Passed" start-time="2016-04-07 12:50:46Z" end-time="2016-04-07 12:50:46Z" duration="0.004061" asserts="1" />
              </test-suite>
              <test-suite type="TestFixture" id="0-1268" name="RandomizersControllerTests" fullname="DNDGenSite.Tests.Unit.Controllers.Characters.RandomizersControllerTests" classname="DNDGenSite.Tests.Unit.Controllers.Characters.RandomizersControllerTests" runstate="Runnable" testcasecount="6" result="Passed" start-time="2016-04-07 12:50:46Z" end-time="2016-04-07 12:50:46Z" duration="0.049608" total="6" passed="6" failed="0" inconclusive="0" skipped="0" asserts="6">
                <test-case id="0-1274" name="DoNotHaveToPassInOptionalParameters" fullname="DNDGenSite.Tests.Unit.Controllers.Characters.RandomizersControllerTests.DoNotHaveToPassInOptionalParameters" methodname="DoNotHaveToPassInOptionalParameters" classname="DNDGenSite.Tests.Unit.Controllers.Characters.RandomizersControllerTests" runstate="Runnable" seed="12504869" result="Passed" start-time="2016-04-07 12:50:46Z" end-time="2016-04-07 12:50:46Z" duration="0.022069" asserts="1" />
                <test-case id="0-1269" name="VerifyHandlesGetVerb" fullname="DNDGenSite.Tests.Unit.Controllers.Characters.RandomizersControllerTests.VerifyHandlesGetVerb" methodname="VerifyHandlesGetVerb" classname="DNDGenSite.Tests.Unit.Controllers.Characters.RandomizersControllerTests" runstate="Runnable" seed="1289362368" result="Passed" start-time="2016-04-07 12:50:46Z" end-time="2016-04-07 12:50:46Z" duration="0.000300" asserts="1" />
                <test-case id="0-1271" name="VerifyJsonResultAllowsGet" fullname="DNDGenSite.Tests.Unit.Controllers.Characters.RandomizersControllerTests.VerifyJsonResultAllowsGet" methodname="VerifyJsonResultAllowsGet" classname="DNDGenSite.Tests.Unit.Controllers.Characters.RandomizersControllerTests" runstate="Runnable" seed="1379788562" result="Passed" start-time="2016-04-07 12:50:46Z" end-time="2016-04-07 12:50:46Z" duration="0.000438" asserts="1" />
                <test-case id="0-1270" name="VerifyReturnsJsonResult" fullname="DNDGenSite.Tests.Unit.Controllers.Characters.RandomizersControllerTests.VerifyReturnsJsonResult" methodname="VerifyReturnsJsonResult" classname="DNDGenSite.Tests.Unit.Controllers.Characters.RandomizersControllerTests" runstate="Runnable" seed="866707605" result="Passed" start-time="2016-04-07 12:50:46Z" end-time="2016-04-07 12:50:46Z" duration="0.000300" asserts="1" />
                <test-case id="0-1273" name="VerifyReturnsNegativeVerification" fullname="DNDGenSite.Tests.Unit.Controllers.Characters.RandomizersControllerTests.VerifyReturnsNegativeVerification" methodname="VerifyReturnsNegativeVerification" classname="DNDGenSite.Tests.Unit.Controllers.Characters.RandomizersControllerTests" runstate="Runnable" seed="1727226855" result="Passed" start-time="2016-04-07 12:50:46Z" end-time="2016-04-07 12:50:46Z" duration="0.012533" asserts="1" />
                <test-case id="0-1272" name="VerifyReturnsPositiveVerification" fullname="DNDGenSite.Tests.Unit.Controllers.Characters.RandomizersControllerTests.VerifyReturnsPositiveVerification" methodname="VerifyReturnsPositiveVerification" classname="DNDGenSite.Tests.Unit.Controllers.Characters.RandomizersControllerTests" runstate="Runnable" seed="180166187" result="Passed" start-time="2016-04-07 12:50:46Z" end-time="2016-04-07 12:50:46Z" duration="0.012493" asserts="1" />
              </test-suite>
            </test-suite>
            <test-suite type="TestFixture" id="0-1029" name="DungeonControllerTests" fullname="DNDGenSite.Tests.Unit.Controllers.DungeonControllerTests" classname="DNDGenSite.Tests.Unit.Controllers.DungeonControllerTests" runstate="Runnable" testcasecount="2" result="Passed" start-time="2016-04-07 12:50:46Z" end-time="2016-04-07 12:50:46Z" duration="0.001093" total="2" passed="2" failed="0" inconclusive="0" skipped="0" asserts="2">
              <test-suite type="ParameterizedMethod" id="0-1031" name="ActionHandlesGetVerb" fullname="DNDGenSite.Tests.Unit.Controllers.DungeonControllerTests.ActionHandlesGetVerb" runstate="Runnable" testcasecount="1" result="Passed" start-time="2016-04-07 12:50:46Z" end-time="2016-04-07 12:50:46Z" duration="0.000577" total="1" passed="1" failed="0" inconclusive="0" skipped="0" asserts="1">
                <test-case id="0-1030" name="ActionHandlesGetVerb(&quot;Index&quot;)" fullname="DNDGenSite.Tests.Unit.Controllers.DungeonControllerTests.ActionHandlesGetVerb(&quot;Index&quot;)" methodname="ActionHandlesGetVerb" classname="DNDGenSite.Tests.Unit.Controllers.DungeonControllerTests" runstate="Runnable" seed="1567116626" result="Passed" start-time="2016-04-07 12:50:46Z" end-time="2016-04-07 12:50:46Z" duration="0.000404" asserts="1" />
              </test-suite>
              <test-case id="0-1032" name="IndexReturnsView" fullname="DNDGenSite.Tests.Unit.Controllers.DungeonControllerTests.IndexReturnsView" methodname="IndexReturnsView" classname="DNDGenSite.Tests.Unit.Controllers.DungeonControllerTests" runstate="Runnable" seed="1352902228" result="Passed" start-time="2016-04-07 12:50:46Z" end-time="2016-04-07 12:50:46Z" duration="0.000244" asserts="1" />
            </test-suite>
            <test-suite type="TestFixture" id="0-1033" name="EncounterControllerTests" fullname="DNDGenSite.Tests.Unit.Controllers.EncounterControllerTests" classname="DNDGenSite.Tests.Unit.Controllers.EncounterControllerTests" runstate="Runnable" testcasecount="10" result="Passed" start-time="2016-04-07 12:50:46Z" end-time="2016-04-07 12:50:46Z" duration="0.027695" total="10" passed="10" failed="0" inconclusive="0" skipped="0" asserts="29">
              <test-suite type="ParameterizedMethod" id="0-1036" name="ActionHandlesGetVerb" fullname="DNDGenSite.Tests.Unit.Controllers.EncounterControllerTests.ActionHandlesGetVerb" runstate="Runnable" testcasecount="2" result="Passed" start-time="2016-04-07 12:50:46Z" end-time="2016-04-07 12:50:46Z" duration="0.003550" total="2" passed="2" failed="0" inconclusive="0" skipped="0" asserts="2">
                <test-case id="0-1034" name="ActionHandlesGetVerb(&quot;Index&quot;)" fullname="DNDGenSite.Tests.Unit.Controllers.EncounterControllerTests.ActionHandlesGetVerb(&quot;Index&quot;)" methodname="ActionHandlesGetVerb" classname="DNDGenSite.Tests.Unit.Controllers.EncounterControllerTests" runstate="Runnable" seed="1171064073" result="Passed" start-time="2016-04-07 12:50:46Z" end-time="2016-04-07 12:50:46Z" duration="0.003053" asserts="1" />
                <test-case id="0-1035" name="ActionHandlesGetVerb(&quot;Generate&quot;)" fullname="DNDGenSite.Tests.Unit.Controllers.EncounterControllerTests.ActionHandlesGetVerb(&quot;Generate&quot;)" methodname="ActionHandlesGetVerb" classname="DNDGenSite.Tests.Unit.Controllers.EncounterControllerTests" runstate="Runnable" seed="1693718546" result="Passed" start-time="2016-04-07 12:50:46Z" end-time="2016-04-07 12:50:46Z" duration="0.000096" asserts="1" />
              </test-suite>
              <test-case id="0-1041" name="GenerateJsonAllowsGet" fullname="DNDGenSite.Tests.Unit.Controllers.EncounterControllerTests.GenerateJsonAllowsGet" methodname="GenerateJsonAllowsGet" classname="DNDGenSite.Tests.Unit.Controllers.EncounterControllerTests" runstate="Runnable" seed="1143024897" result="Passed" start-time="2016-04-07 12:50:46Z" end-time="2016-04-07 12:50:46Z" duration="0.005737" asserts="1" />
              <test-case id="0-1042" name="GenerateJsonReturnsGeneratedEncounter" fullname="DNDGenSite.Tests.Unit.Controllers.EncounterControllerTests.GenerateJsonReturnsGeneratedEncounter" methodname="GenerateJsonReturnsGeneratedEncounter" classname="DNDGenSite.Tests.Unit.Controllers.EncounterControllerTests" runstate="Runnable" seed="686697671" result="Passed" start-time="2016-04-07 12:50:46Z" end-time="2016-04-07 12:50:46Z" duration="0.003487" asserts="1" />
              <test-case id="0-1040" name="GenerateReturnsJsonResult" fullname="DNDGenSite.Tests.Unit.Controllers.EncounterControllerTests.GenerateReturnsJsonResult" methodname="GenerateReturnsJsonResult" classname="DNDGenSite.Tests.Unit.Controllers.EncounterControllerTests" runstate="Runnable" seed="1595902790" result="Passed" start-time="2016-04-07 12:50:46Z" end-time="2016-04-07 12:50:46Z" duration="0.001163" asserts="1" />
              <test-case id="0-1043" name="GenerateSortsCharacterFeats" fullname="DNDGenSite.Tests.Unit.Controllers.EncounterControllerTests.GenerateSortsCharacterFeats" methodname="GenerateSortsCharacterFeats" classname="DNDGenSite.Tests.Unit.Controllers.EncounterControllerTests" runstate="Runnable" seed="122312007" result="Passed" start-time="2016-04-07 12:50:46Z" end-time="2016-04-07 12:50:46Z" duration="0.004372" asserts="7" />
              <test-case id="0-1044" name="GenerateSortsCharacterSkills" fullname="DNDGenSite.Tests.Unit.Controllers.EncounterControllerTests.GenerateSortsCharacterSkills" methodname="GenerateSortsCharacterSkills" classname="DNDGenSite.Tests.Unit.Controllers.EncounterControllerTests" runstate="Runnable" seed="529523600" result="Passed" start-time="2016-04-07 12:50:46Z" end-time="2016-04-07 12:50:46Z" duration="0.005061" asserts="13" />
              <test-case id="0-1039" name="IndexModelOnlyContainsDungeonEnvironment" fullname="DNDGenSite.Tests.Unit.Controllers.EncounterControllerTests.IndexModelOnlyContainsDungeonEnvironment" methodname="IndexModelOnlyContainsDungeonEnvironment" classname="DNDGenSite.Tests.Unit.Controllers.EncounterControllerTests" runstate="Runnable" seed="1923017343" result="Passed" start-time="2016-04-07 12:50:46Z" end-time="2016-04-07 12:50:46Z" duration="0.000810" asserts="2" />
              <test-case id="0-1037" name="IndexReturnsView" fullname="DNDGenSite.Tests.Unit.Controllers.EncounterControllerTests.IndexReturnsView" methodname="IndexReturnsView" classname="DNDGenSite.Tests.Unit.Controllers.EncounterControllerTests" runstate="Runnable" seed="1487151050" result="Passed" start-time="2016-04-07 12:50:46Z" end-time="2016-04-07 12:50:46Z" duration="0.000299" asserts="1" />
              <test-case id="0-1038" name="IndexViewContainsModel" fullname="DNDGenSite.Tests.Unit.Controllers.EncounterControllerTests.IndexViewContainsModel" methodname="IndexViewContainsModel" classname="DNDGenSite.Tests.Unit.Controllers.EncounterControllerTests" runstate="Runnable" seed="1608762882" result="Passed" start-time="2016-04-07 12:50:46Z" end-time="2016-04-07 12:50:46Z" duration="0.000362" asserts="1" />
            </test-suite>
            <test-suite type="TestFixture" id="0-1045" name="ErrorControllerTests" fullname="DNDGenSite.Tests.Unit.Controllers.ErrorControllerTests" classname="DNDGenSite.Tests.Unit.Controllers.ErrorControllerTests" runstate="Runnable" testcasecount="4" result="Passed" start-time="2016-04-07 12:50:46Z" end-time="2016-04-07 12:50:46Z" duration="0.016405" total="4" passed="4" failed="0" inconclusive="0" skipped="0" asserts="3">
              <test-suite type="ParameterizedMethod" id="0-1047" name="ActionHandlesGetVerb" fullname="DNDGenSite.Tests.Unit.Controllers.ErrorControllerTests.ActionHandlesGetVerb" runstate="Runnable" testcasecount="1" result="Passed" start-time="2016-04-07 12:50:46Z" end-time="2016-04-07 12:50:46Z" duration="0.003941" total="1" passed="1" failed="0" inconclusive="0" skipped="0" asserts="1">
                <test-case id="0-1046" name="ActionHandlesGetVerb(&quot;Index&quot;)" fullname="DNDGenSite.Tests.Unit.Controllers.ErrorControllerTests.ActionHandlesGetVerb(&quot;Index&quot;)" methodname="ActionHandlesGetVerb" classname="DNDGenSite.Tests.Unit.Controllers.ErrorControllerTests" runstate="Runnable" seed="1244056055" result="Passed" start-time="2016-04-07 12:50:46Z" end-time="2016-04-07 12:50:46Z" duration="0.003772" asserts="1" />
              </test-suite>
              <test-suite type="ParameterizedMethod" id="0-1049" name="ActionHandlesPostVerb" fullname="DNDGenSite.Tests.Unit.Controllers.ErrorControllerTests.ActionHandlesPostVerb" runstate="Runnable" testcasecount="1" result="Passed" start-time="2016-04-07 12:50:46Z" end-time="2016-04-07 12:50:46Z" duration="0.000560" total="1" passed="1" failed="0" inconclusive="0" skipped="0" asserts="1">
                <test-case id="0-1048" name="ActionHandlesPostVerb(&quot;Report&quot;)" fullname="DNDGenSite.Tests.Unit.Controllers.ErrorControllerTests.ActionHandlesPostVerb(&quot;Report&quot;)" methodname="ActionHandlesPostVerb" classname="DNDGenSite.Tests.Unit.Controllers.ErrorControllerTests" runstate="Runnable" seed="1045312845" result="Passed" start-time="2016-04-07 12:50:46Z" end-time="2016-04-07 12:50:46Z" duration="0.000332" asserts="1" />
              </test-suite>
              <test-case id="0-1050" name="IndexReturnsView" fullname="DNDGenSite.Tests.Unit.Controllers.ErrorControllerTests.IndexReturnsView" methodname="IndexReturnsView" classname="DNDGenSite.Tests.Unit.Controllers.ErrorControllerTests" runstate="Runnable" seed="991752798" result="Passed" start-time="2016-04-07 12:50:46Z" end-time="2016-04-07 12:50:46Z" duration="0.000342" asserts="1" />
              <test-case id="0-1051" name="ReportPostsErrorFromClient" fullname="DNDGenSite.Tests.Unit.Controllers.ErrorControllerTests.ReportPostsErrorFromClient" methodname="ReportPostsErrorFromClient" classname="DNDGenSite.Tests.Unit.Controllers.ErrorControllerTests" runstate="Runnable" seed="405457835" result="Passed" start-time="2016-04-07 12:50:46Z" end-time="2016-04-07 12:50:46Z" duration="0.010823" asserts="0" />
            </test-suite>
            <test-suite type="TestFixture" id="0-1052" name="HomeControllerTests" fullname="DNDGenSite.Tests.Unit.Controllers.HomeControllerTests" classname="DNDGenSite.Tests.Unit.Controllers.HomeControllerTests" runstate="Runnable" testcasecount="2" result="Passed" start-time="2016-04-07 12:50:46Z" end-time="2016-04-07 12:50:46Z" duration="0.001105" total="2" passed="2" failed="0" inconclusive="0" skipped="0" asserts="2">
              <test-suite type="ParameterizedMethod" id="0-1054" name="ActionHandlesGetVerb" fullname="DNDGenSite.Tests.Unit.Controllers.HomeControllerTests.ActionHandlesGetVerb" runstate="Runnable" testcasecount="1" result="Passed" start-time="2016-04-07 12:50:46Z" end-time="2016-04-07 12:50:46Z" duration="0.000584" total="1" passed="1" failed="0" inconclusive="0" skipped="0" asserts="1">
                <test-case id="0-1053" name="ActionHandlesGetVerb(&quot;Index&quot;)" fullname="DNDGenSite.Tests.Unit.Controllers.HomeControllerTests.ActionHandlesGetVerb(&quot;Index&quot;)" methodname="ActionHandlesGetVerb" classname="DNDGenSite.Tests.Unit.Controllers.HomeControllerTests" runstate="Runnable" seed="1104968844" result="Passed" start-time="2016-04-07 12:50:46Z" end-time="2016-04-07 12:50:46Z" duration="0.000412" asserts="1" />
              </test-suite>
              <test-case id="0-1055" name="IndexReturnsView" fullname="DNDGenSite.Tests.Unit.Controllers.HomeControllerTests.IndexReturnsView" methodname="IndexReturnsView" classname="DNDGenSite.Tests.Unit.Controllers.HomeControllerTests" runstate="Runnable" seed="2084292695" result="Passed" start-time="2016-04-07 12:50:46Z" end-time="2016-04-07 12:50:46Z" duration="0.000234" asserts="1" />
            </test-suite>
            <test-suite type="TestFixture" id="0-1056" name="RollControllerTests" fullname="DNDGenSite.Tests.Unit.Controllers.RollControllerTests" classname="DNDGenSite.Tests.Unit.Controllers.RollControllerTests" runstate="Runnable" testcasecount="62" result="Passed" start-time="2016-04-07 12:50:46Z" end-time="2016-04-07 12:50:46Z" duration="0.158346" total="62" passed="62" failed="0" inconclusive="0" skipped="0" asserts="52">
              <test-suite type="ParameterizedMethod" id="0-1070" name="ActionHandlesGetVerb" fullname="DNDGenSite.Tests.Unit.Controllers.RollControllerTests.ActionHandlesGetVerb" runstate="Runnable" testcasecount="13" result="Passed" start-time="2016-04-07 12:50:46Z" end-time="2016-04-07 12:50:46Z" duration="0.038530" total="13" passed="13" failed="0" inconclusive="0" skipped="0" asserts="13">
                <test-case id="0-1057" name="ActionHandlesGetVerb(&quot;Index&quot;)" fullname="DNDGenSite.Tests.Unit.Controllers.RollControllerTests.ActionHandlesGetVerb(&quot;Index&quot;)" methodname="ActionHandlesGetVerb" classname="DNDGenSite.Tests.Unit.Controllers.RollControllerTests" runstate="Runnable" seed="1793313446" result="Passed" start-time="2016-04-07 12:50:46Z" end-time="2016-04-07 12:50:46Z" duration="0.026660" asserts="1" />
                <test-case id="0-1058" name="ActionHandlesGetVerb(&quot;D2&quot;)" fullname="DNDGenSite.Tests.Unit.Controllers.RollControllerTests.ActionHandlesGetVerb(&quot;D2&quot;)" methodname="ActionHandlesGetVerb" classname="DNDGenSite.Tests.Unit.Controllers.RollControllerTests" runstate="Runnable" seed="965381202" result="Passed" start-time="2016-04-07 12:50:46Z" end-time="2016-04-07 12:50:46Z" duration="0.000657" asserts="1" />
                <test-case id="0-1059" name="ActionHandlesGetVerb(&quot;D3&quot;)" fullname="DNDGenSite.Tests.Unit.Controllers.RollControllerTests.ActionHandlesGetVerb(&quot;D3&quot;)" methodname="ActionHandlesGetVerb" classname="DNDGenSite.Tests.Unit.Controllers.RollControllerTests" runstate="Runnable" seed="2123137215" result="Passed" start-time="2016-04-07 12:50:46Z" end-time="2016-04-07 12:50:46Z" duration="0.001945" asserts="1" />
                <test-case id="0-1060" name="ActionHandlesGetVerb(&quot;D4&quot;)" fullname="DNDGenSite.Tests.Unit.Controllers.RollControllerTests.ActionHandlesGetVerb(&quot;D4&quot;)" methodname="ActionHandlesGetVerb" classname="DNDGenSite.Tests.Unit.Controllers.RollControllerTests" runstate="Runnable" seed="807711404" result="Passed" start-time="2016-04-07 12:50:46Z" end-time="2016-04-07 12:50:46Z" duration="0.000648" asserts="1" />
                <test-case id="0-1061" name="ActionHandlesGetVerb(&quot;D6&quot;)" fullname="DNDGenSite.Tests.Unit.Controllers.RollControllerTests.ActionHandlesGetVerb(&quot;D6&quot;)" methodname="ActionHandlesGetVerb" classname="DNDGenSite.Tests.Unit.Controllers.RollControllerTests" runstate="Runnable" seed="1668270324" result="Passed" start-time="2016-04-07 12:50:46Z" end-time="2016-04-07 12:50:46Z" duration="0.000584" asserts="1" />
                <test-case id="0-1062" name="ActionHandlesGetVerb(&quot;D8&quot;)" fullname="DNDGenSite.Tests.Unit.Controllers.RollControllerTests.ActionHandlesGetVerb(&quot;D8&quot;)" methodname="ActionHandlesGetVerb" classname="DNDGenSite.Tests.Unit.Controllers.RollControllerTests" runstate="Runnable" seed="2110159778" result="Passed" start-time="2016-04-07 12:50:46Z" end-time="2016-04-07 12:50:46Z" duration="0.000571" asserts="1" />
                <test-case id="0-1063" name="ActionHandlesGetVerb(&quot;D10&quot;)" fullname="DNDGenSite.Tests.Unit.Controllers.RollControllerTests.ActionHandlesGetVerb(&quot;D10&quot;)" methodname="ActionHandlesGetVerb" classname="DNDGenSite.Tests.Unit.Controllers.RollControllerTests" runstate="Runnable" seed="2141596860" result="Passed" start-time="2016-04-07 12:50:46Z" end-time="2016-04-07 12:50:46Z" duration="0.000586" asserts="1" />
                <test-case id="0-1064" name="ActionHandlesGetVerb(&quot;D12&quot;)" fullname="DNDGenSite.Tests.Unit.Controllers.RollControllerTests.ActionHandlesGetVerb(&quot;D12&quot;)" methodname="ActionHandlesGetVerb" classname="DNDGenSite.Tests.Unit.Controllers.RollControllerTests" runstate="Runnable" seed="2135584091" result="Passed" start-time="2016-04-07 12:50:46Z" end-time="2016-04-07 12:50:46Z" duration="0.000550" asserts="1" />
                <test-case id="0-1065" name="ActionHandlesGetVerb(&quot;D20&quot;)" fullname="DNDGenSite.Tests.Unit.Controllers.RollControllerTests.ActionHandlesGetVerb(&quot;D20&quot;)" methodname="ActionHandlesGetVerb" classname="DNDGenSite.Tests.Unit.Controllers.RollControllerTests" runstate="Runnable" seed="938359563" result="Passed" start-time="2016-04-07 12:50:46Z" end-time="2016-04-07 12:50:46Z" duration="0.000544" asserts="1" />
                <test-case id="0-1066" name="ActionHandlesGetVerb(&quot;D100&quot;)" fullname="DNDGenSite.Tests.Unit.Controllers.RollControllerTests.ActionHandlesGetVerb(&quot;D100&quot;)" methodname="ActionHandlesGetVerb" classname="DNDGenSite.Tests.Unit.Controllers.RollControllerTests" runstate="Runnable" seed="1016902467" result="Passed" start-time="2016-04-07 12:50:46Z" end-time="2016-04-07 12:50:46Z" duration="0.000537" asserts="1" />
                <test-case id="0-1067" name="ActionHandlesGetVerb(&quot;Custom&quot;)" fullname="DNDGenSite.Tests.Unit.Controllers.RollControllerTests.ActionHandlesGetVerb(&quot;Custom&quot;)" methodname="ActionHandlesGetVerb" classname="DNDGenSite.Tests.Unit.Controllers.RollControllerTests" runstate="Runnable" seed="1740451291" result="Passed" start-time="2016-04-07 12:50:46Z" end-time="2016-04-07 12:50:46Z" duration="0.000576" asserts="1" />
                <test-case id="0-1068" name="ActionHandlesGetVerb(&quot;Expression&quot;)" fullname="DNDGenSite.Tests.Unit.Controllers.RollControllerTests.ActionHandlesGetVerb(&quot;Expression&quot;)" methodname="ActionHandlesGetVerb" classname="DNDGenSite.Tests.Unit.Controllers.RollControllerTests" runstate="Runnable" seed="1436447549" result="Passed" start-time="2016-04-07 12:50:46Z" end-time="2016-04-07 12:50:46Z" duration="0.000601" asserts="1" />
                <test-case id="0-1069" name="ActionHandlesGetVerb(&quot;Validate&quot;)" fullname="DNDGenSite.Tests.Unit.Controllers.RollControllerTests.ActionHandlesGetVerb(&quot;Validate&quot;)" methodname="ActionHandlesGetVerb" classname="DNDGenSite.Tests.Unit.Controllers.RollControllerTests" runstate="Runnable" seed="2086259127" result="Passed" start-time="2016-04-07 12:50:46Z" end-time="2016-04-07 12:50:46Z" duration="0.000562" asserts="1" />
              </test-suite>
              <test-case id="0-1109" name="CustomJsonResultAllowsGet" fullname="DNDGenSite.Tests.Unit.Controllers.RollControllerTests.CustomJsonResultAllowsGet" methodname="CustomJsonResultAllowsGet" classname="DNDGenSite.Tests.Unit.Controllers.RollControllerTests" runstate="Runnable" seed="1077916157" result="Passed" start-time="2016-04-07 12:50:46Z" end-time="2016-04-07 12:50:46Z" duration="0.004055" asserts="1" />
              <test-case id="0-1111" name="CustomResultContainsRoll" fullname="DNDGenSite.Tests.Unit.Controllers.RollControllerTests.CustomResultContainsRoll" methodname="CustomResultContainsRoll" classname="DNDGenSite.Tests.Unit.Controllers.RollControllerTests" runstate="Runnable" seed="1063484543" result="Passed" start-time="2016-04-07 12:50:46Z" end-time="2016-04-07 12:50:46Z" duration="0.004084" asserts="1" />
              <test-case id="0-1108" name="CustomReturnsJsonResult" fullname="DNDGenSite.Tests.Unit.Controllers.RollControllerTests.CustomReturnsJsonResult" methodname="CustomReturnsJsonResult" classname="DNDGenSite.Tests.Unit.Controllers.RollControllerTests" runstate="Runnable" seed="78281542" result="Passed" start-time="2016-04-07 12:50:46Z" end-time="2016-04-07 12:50:46Z" duration="0.000799" asserts="1" />
              <test-case id="0-1110" name="CustomRollsQuantityTimes" fullname="DNDGenSite.Tests.Unit.Controllers.RollControllerTests.CustomRollsQuantityTimes" methodname="CustomRollsQuantityTimes" classname="DNDGenSite.Tests.Unit.Controllers.RollControllerTests" runstate="Runnable" seed="1063529976" result="Passed" start-time="2016-04-07 12:50:46Z" end-time="2016-04-07 12:50:46Z" duration="0.001562" asserts="0" />
              <test-case id="0-1093" name="D10JsonResultAllowsGet" fullname="DNDGenSite.Tests.Unit.Controllers.RollControllerTests.D10JsonResultAllowsGet" methodname="D10JsonResultAllowsGet" classname="DNDGenSite.Tests.Unit.Controllers.RollControllerTests" runstate="Runnable" seed="1213502957" result="Passed" start-time="2016-04-07 12:50:46Z" end-time="2016-04-07 12:50:46Z" duration="0.001627" asserts="1" />
              <test-case id="0-1095" name="D10ResultContainsRoll" fullname="DNDGenSite.Tests.Unit.Controllers.RollControllerTests.D10ResultContainsRoll" methodname="D10ResultContainsRoll" classname="DNDGenSite.Tests.Unit.Controllers.RollControllerTests" runstate="Runnable" seed="1053112170" result="Passed" start-time="2016-04-07 12:50:46Z" end-time="2016-04-07 12:50:46Z" duration="0.004147" asserts="1" />
              <test-case id="0-1092" name="D10ReturnsJsonResult" fullname="DNDGenSite.Tests.Unit.Controllers.RollControllerTests.D10ReturnsJsonResult" methodname="D10ReturnsJsonResult" classname="DNDGenSite.Tests.Unit.Controllers.RollControllerTests" runstate="Runnable" seed="1591255626" result="Passed" start-time="2016-04-07 12:50:46Z" end-time="2016-04-07 12:50:46Z" duration="0.001650" asserts="1" />
              <test-case id="0-1094" name="D10RollsQuantityTimes" fullname="DNDGenSite.Tests.Unit.Controllers.RollControllerTests.D10RollsQuantityTimes" methodname="D10RollsQuantityTimes" classname="DNDGenSite.Tests.Unit.Controllers.RollControllerTests" runstate="Runnable" seed="1414403439" result="Passed" start-time="2016-04-07 12:50:46Z" end-time="2016-04-07 12:50:46Z" duration="0.001490" asserts="0" />
              <test-case id="0-1097" name="D12JsonResultAllowsGet" fullname="DNDGenSite.Tests.Unit.Controllers.RollControllerTests.D12JsonResultAllowsGet" methodname="D12JsonResultAllowsGet" classname="DNDGenSite.Tests.Unit.Controllers.RollControllerTests" runstate="Runnable" seed="1561272934" result="Passed" start-time="2016-04-07 12:50:46Z" end-time="2016-04-07 12:50:46Z" duration="0.000964" asserts="1" />
              <test-case id="0-1099" name="D12ResultContainsRoll" fullname="DNDGenSite.Tests.Unit.Controllers.RollControllerTests.D12ResultContainsRoll" methodname="D12ResultContainsRoll" classname="DNDGenSite.Tests.Unit.Controllers.RollControllerTests" runstate="Runnable" seed="851781363" result="Passed" start-time="2016-04-07 12:50:46Z" end-time="2016-04-07 12:50:46Z" duration="0.003313" asserts="1" />
              <test-case id="0-1096" name="D12ReturnsJsonResult" fullname="DNDGenSite.Tests.Unit.Controllers.RollControllerTests.D12ReturnsJsonResult" methodname="D12ReturnsJsonResult" classname="DNDGenSite.Tests.Unit.Controllers.RollControllerTests" runstate="Runnable" seed="1991509033" result="Passed" start-time="2016-04-07 12:50:46Z" end-time="2016-04-07 12:50:46Z" duration="0.000730" asserts="1" />
              <test-case id="0-1098" name="D12RollsQuantityTimes" fullname="DNDGenSite.Tests.Unit.Controllers.RollControllerTests.D12RollsQuantityTimes" methodname="D12RollsQuantityTimes" classname="DNDGenSite.Tests.Unit.Controllers.RollControllerTests" runstate="Runnable" seed="835157202" result="Passed" start-time="2016-04-07 12:50:46Z" end-time="2016-04-07 12:50:46Z" duration="0.002094" asserts="0" />
              <test-case id="0-1101" name="D20JsonResultAllowsGet" fullname="DNDGenSite.Tests.Unit.Controllers.RollControllerTests.D20JsonResultAllowsGet" methodname="D20JsonResultAllowsGet" classname="DNDGenSite.Tests.Unit.Controllers.RollControllerTests" runstate="Runnable" seed="1355325451" result="Passed" start-time="2016-04-07 12:50:46Z" end-time="2016-04-07 12:50:46Z" duration="0.000982" asserts="1" />
              <test-case id="0-1103" name="D20ResultContainsRoll" fullname="DNDGenSite.Tests.Unit.Controllers.RollControllerTests.D20ResultContainsRoll" methodname="D20ResultContainsRoll" classname="DNDGenSite.Tests.Unit.Controllers.RollControllerTests" runstate="Runnable" seed="1845582768" result="Passed" start-time="2016-04-07 12:50:46Z" end-time="2016-04-07 12:50:46Z" duration="0.003365" asserts="1" />
[...]
              </test-suite>
              <test-suite type="TestFixture" id="0-1231" name="WeaponControllerTests" fullname="DNDGenSite.Tests.Unit.Controllers.Treasures.WeaponControllerTests" classname="DNDGenSite.Tests.Unit.Controllers.Treasures.WeaponControllerTests" runstate="Runnable" testcasecount="6" result="Passed" start-time="2016-04-07 12:50:47Z" end-time="2016-04-07 12:50:47Z" duration="0.027153" total="6" passed="6" failed="0" inconclusive="0" skipped="0" asserts="9">
                <test-case id="0-1232" name="GenerateHandlesGetVerb" fullname="DNDGenSite.Tests.Unit.Controllers.Treasures.WeaponControllerTests.GenerateHandlesGetVerb" methodname="GenerateHandlesGetVerb" classname="DNDGenSite.Tests.Unit.Controllers.Treasures.WeaponControllerTests" runstate="Runnable" seed="1676028555" result="Passed" start-time="2016-04-07 12:50:47Z" end-time="2016-04-07 12:50:47Z" duration="0.001352" asserts="1" />
                <test-case id="0-1234" name="GenerateJsonResultAllowsGet" fullname="DNDGenSite.Tests.Unit.Controllers.Treasures.WeaponControllerTests.GenerateJsonResultAllowsGet" methodname="GenerateJsonResultAllowsGet" classname="DNDGenSite.Tests.Unit.Controllers.Treasures.WeaponControllerTests" runstate="Runnable" seed="1055256465" result="Passed" start-time="2016-04-07 12:50:47Z" end-time="2016-04-07 12:50:47Z" duration="0.000702" asserts="1" />
                <test-case id="0-1233" name="GenerateReturnsJsonResult" fullname="DNDGenSite.Tests.Unit.Controllers.Treasures.WeaponControllerTests.GenerateReturnsJsonResult" methodname="GenerateReturnsJsonResult" classname="DNDGenSite.Tests.Unit.Controllers.Treasures.WeaponControllerTests" runstate="Runnable" seed="1868003819" result="Passed" start-time="2016-04-07 12:50:47Z" end-time="2016-04-07 12:50:47Z" duration="0.000259" asserts="1" />
                <test-case id="0-1236" name="GenerateReturnsMagicalWeaponFromGenerator" fullname="DNDGenSite.Tests.Unit.Controllers.Treasures.WeaponControllerTests.GenerateReturnsMagicalWeaponFromGenerator" methodname="GenerateReturnsMagicalWeaponFromGenerator" classname="DNDGenSite.Tests.Unit.Controllers.Treasures.WeaponControllerTests" runstate="Runnable" seed="1822021805" result="Passed" start-time="2016-04-07 12:50:47Z" end-time="2016-04-07 12:50:47Z" duration="0.007667" asserts="2" />
                <test-case id="0-1235" name="GenerateReturnsMundaneWeaponFromGenerator" fullname="DNDGenSite.Tests.Unit.Controllers.Treasures.WeaponControllerTests.GenerateReturnsMundaneWeaponFromGenerator" methodname="GenerateReturnsMundaneWeaponFromGenerator" classname="DNDGenSite.Tests.Unit.Controllers.Treasures.WeaponControllerTests" runstate="Runnable" seed="978306599" result="Passed" start-time="2016-04-07 12:50:47Z" end-time="2016-04-07 12:50:47Z" duration="0.007928" asserts="2" />
                <test-case id="0-1237" name="ItemTypeMustBeWeapon" fullname="DNDGenSite.Tests.Unit.Controllers.Treasures.WeaponControllerTests.ItemTypeMustBeWeapon" methodname="ItemTypeMustBeWeapon" classname="DNDGenSite.Tests.Unit.Controllers.Treasures.WeaponControllerTests" runstate="Runnable" seed="1531534071" result="Passed" start-time="2016-04-07 12:50:47Z" end-time="2016-04-07 12:50:47Z" duration="0.007707" asserts="2" />
              </test-suite>
              <test-suite type="TestFixture" id="0-1238" name="WondrousItemControllerTests" fullname="DNDGenSite.Tests.Unit.Controllers.Treasures.WondrousItemControllerTests" classname="DNDGenSite.Tests.Unit.Controllers.Treasures.WondrousItemControllerTests" runstate="Runnable" testcasecount="5" result="Passed" start-time="2016-04-07 12:50:47Z" end-time="2016-04-07 12:50:47Z" duration="0.019693" total="5" passed="5" failed="0" inconclusive="0" skipped="0" asserts="7">
                <test-case id="0-1239" name="GenerateHandlesGetVerb" fullname="DNDGenSite.Tests.Unit.Controllers.Treasures.WondrousItemControllerTests.GenerateHandlesGetVerb" methodname="GenerateHandlesGetVerb" classname="DNDGenSite.Tests.Unit.Controllers.Treasures.WondrousItemControllerTests" runstate="Runnable" seed="323753517" result="Passed" start-time="2016-04-07 12:50:47Z" end-time="2016-04-07 12:50:47Z" duration="0.001275" asserts="1" />
                <test-case id="0-1241" name="GenerateJsonResultAllowsGet" fullname="DNDGenSite.Tests.Unit.Controllers.Treasures.WondrousItemControllerTests.GenerateJsonResultAllowsGet" methodname="GenerateJsonResultAllowsGet" classname="DNDGenSite.Tests.Unit.Controllers.Treasures.WondrousItemControllerTests" runstate="Runnable" seed="1218804457" result="Passed" start-time="2016-04-07 12:50:47Z" end-time="2016-04-07 12:50:47Z" duration="0.000869" asserts="1" />
                <test-case id="0-1240" name="GenerateReturnsJsonResult" fullname="DNDGenSite.Tests.Unit.Controllers.Treasures.WondrousItemControllerTests.GenerateReturnsJsonResult" methodname="GenerateReturnsJsonResult" classname="DNDGenSite.Tests.Unit.Controllers.Treasures.WondrousItemControllerTests" runstate="Runnable" seed="954702935" result="Passed" start-time="2016-04-07 12:50:47Z" end-time="2016-04-07 12:50:47Z" duration="0.000505" asserts="1" />
                <test-case id="0-1242" name="GenerateReturnsWondrousItemFromGenerator" fullname="DNDGenSite.Tests.Unit.Controllers.Treasures.WondrousItemControllerTests.GenerateReturnsWondrousItemFromGenerator" methodname="GenerateReturnsWondrousItemFromGenerator" classname="DNDGenSite.Tests.Unit.Controllers.Treasures.WondrousItemControllerTests" runstate="Runnable" seed="1047202161" result="Passed" start-time="2016-04-07 12:50:47Z" end-time="2016-04-07 12:50:47Z" duration="0.007458" asserts="2" />
                <test-case id="0-1243" name="ItemTypeMustBeWondrousItem" fullname="DNDGenSite.Tests.Unit.Controllers.Treasures.WondrousItemControllerTests.ItemTypeMustBeWondrousItem" methodname="ItemTypeMustBeWondrousItem" classname="DNDGenSite.Tests.Unit.Controllers.Treasures.WondrousItemControllerTests" runstate="Runnable" seed="8174698" result="Passed" start-time="2016-04-07 12:50:47Z" end-time="2016-04-07 12:50:47Z" duration="0.008426" asserts="2" />
              </test-suite>
            </test-suite>
          </test-suite>
          <test-suite type="TestSuite" id="0-1340" name="Models" fullname="DNDGenSite.Tests.Unit.Models" runstate="Runnable" testcasecount="1" result="Passed" start-time="2016-04-07 12:50:37Z" end-time="2016-04-07 12:50:47Z" duration="9.847705" total="1" passed="1" failed="0" inconclusive="0" skipped="0" asserts="4">
            <test-suite type="TestFixture" id="0-1027" name="TreasureModelTests" fullname="DNDGenSite.Tests.Unit.Models.TreasureModelTests" classname="DNDGenSite.Tests.Unit.Models.TreasureModelTests" runstate="Runnable" testcasecount="1" result="Passed" start-time="2016-04-07 12:50:47Z" end-time="2016-04-07 12:50:47Z" duration="0.000923" total="1" passed="1" failed="0" inconclusive="0" skipped="0" asserts="4">
              <test-case id="0-1028" name="ModelIsInitialized" fullname="DNDGenSite.Tests.Unit.Models.TreasureModelTests.ModelIsInitialized" methodname="ModelIsInitialized" classname="DNDGenSite.Tests.Unit.Models.TreasureModelTests" runstate="Runnable" seed="1548583897" result="Passed" start-time="2016-04-07 12:50:47Z" end-time="2016-04-07 12:50:47Z" duration="0.000608" asserts="4" />
            </test-suite>
          </test-suite>
          <test-suite type="TestSuite" id="0-1339" name="Repositories" fullname="DNDGenSite.Tests.Unit.Repositories" runstate="Runnable" testcasecount="25" result="Passed" start-time="2016-04-07 12:50:37Z" end-time="2016-04-07 12:50:47Z" duration="10.129307" total="25" passed="25" failed="0" inconclusive="0" skipped="0" asserts="44">
            <test-suite type="TestFixture" id="0-1000" name="GitHubErrorRepositoryTests" fullname="DNDGenSite.Tests.Unit.Repositories.GitHubErrorRepositoryTests" classname="DNDGenSite.Tests.Unit.Repositories.GitHubErrorRepositoryTests" runstate="Runnable" testcasecount="8" result="Passed" start-time="2016-04-07 12:50:47Z" end-time="2016-04-07 12:50:47Z" duration="0.157047" total="8" passed="8" failed="0" inconclusive="0" skipped="0" asserts="0">
              <test-case id="0-1002" name="CreateNewIssueIfMatchingIssueNotAlreadyThere" fullname="DNDGenSite.Tests.Unit.Repositories.GitHubErrorRepositoryTests.CreateNewIssueIfMatchingIssueNotAlreadyThere" methodname="CreateNewIssueIfMatchingIssueNotAlreadyThere" classname="DNDGenSite.Tests.Unit.Repositories.GitHubErrorRepositoryTests" runstate="Runnable" seed="1630670862" result="Passed" start-time="2016-04-07 12:50:47Z" end-time="2016-04-07 12:50:47Z" duration="0.073566" asserts="0" />
              <test-case id="0-1001" name="CreateNewIssueIfNoneAlreadyThere" fullname="DNDGenSite.Tests.Unit.Repositories.GitHubErrorRepositoryTests.CreateNewIssueIfNoneAlreadyThere" methodname="CreateNewIssueIfNoneAlreadyThere" classname="DNDGenSite.Tests.Unit.Repositories.GitHubErrorRepositoryTests" runstate="Runnable" seed="798259755" result="Passed" start-time="2016-04-07 12:50:47Z" end-time="2016-04-07 12:50:47Z" duration="0.011194" asserts="0" />
              <test-case id="0-1004" name="IfIssueExists_DoNotCreateDuplicate" fullname="DNDGenSite.Tests.Unit.Repositories.GitHubErrorRepositoryTests.IfIssueExists_DoNotCreateDuplicate" methodname="IfIssueExists_DoNotCreateDuplicate" classname="DNDGenSite.Tests.Unit.Repositories.GitHubErrorRepositoryTests" runstate="Runnable" seed="277322916" result="Passed" start-time="2016-04-07 12:50:47Z" end-time="2016-04-07 12:50:47Z" duration="0.009866" asserts="0" />
              <test-case id="0-1006" name="IfIssueExistsAndIsClosed_AddComment" fullname="DNDGenSite.Tests.Unit.Repositories.GitHubErrorRepositoryTests.IfIssueExistsAndIsClosed_AddComment" methodname="IfIssueExistsAndIsClosed_AddComment" classname="DNDGenSite.Tests.Unit.Repositories.GitHubErrorRepositoryTests" runstate="Runnable" seed="1896201078" result="Passed" start-time="2016-04-07 12:50:47Z" end-time="2016-04-07 12:50:47Z" duration="0.011543" asserts="0" />
              <test-case id="0-1005" name="IfIssueExistsAndIsClosed_Reopen" fullname="DNDGenSite.Tests.Unit.Repositories.GitHubErrorRepositoryTests.IfIssueExistsAndIsClosed_Reopen" methodname="IfIssueExistsAndIsClosed_Reopen" classname="DNDGenSite.Tests.Unit.Repositories.GitHubErrorRepositoryTests" runstate="Runnable" seed="813987263" result="Passed" start-time="2016-04-07 12:50:47Z" end-time="2016-04-07 12:50:47Z" duration="0.015514" asserts="0" />
              <test-case id="0-1007" name="IfIssueExistsAndIsOpened_AddComment" fullname="DNDGenSite.Tests.Unit.Repositories.GitHubErrorRepositoryTests.IfIssueExistsAndIsOpened_AddComment" methodname="IfIssueExistsAndIsOpened_AddComment" classname="DNDGenSite.Tests.Unit.Repositories.GitHubErrorRepositoryTests" runstate="Runnable" seed="421480137" result="Passed" start-time="2016-04-07 12:50:47Z" end-time="2016-04-07 12:50:47Z" duration="0.010999" asserts="0" />
              <test-case id="0-1008" name="IfIssueExistsAndIsOpened_DoNotUpdate" fullname="DNDGenSite.Tests.Unit.Repositories.GitHubErrorRepositoryTests.IfIssueExistsAndIsOpened_DoNotUpdate" methodname="IfIssueExistsAndIsOpened_DoNotUpdate" classname="DNDGenSite.Tests.Unit.Repositories.GitHubErrorRepositoryTests" runstate="Runnable" seed="1658039280" result="Passed" start-time="2016-04-07 12:50:47Z" end-time="2016-04-07 12:50:47Z" duration="0.011472" asserts="0" />
              <test-case id="0-1003" name="NewIssuesAreLabeledAsBugs" fullname="DNDGenSite.Tests.Unit.Repositories.GitHubErrorRepositoryTests.NewIssuesAreLabeledAsBugs" methodname="NewIssuesAreLabeledAsBugs" classname="DNDGenSite.Tests.Unit.Repositories.GitHubErrorRepositoryTests" runstate="Runnable" seed="993609143" result="Passed" start-time="2016-04-07 12:50:47Z" end-time="2016-04-07 12:50:47Z" duration="0.010587" asserts="0" />
            </test-suite>
            <test-suite type="TestFixture" id="0-1009" name="RandomizerRepositoryTests" fullname="DNDGenSite.Tests.Unit.Repositories.RandomizerRepositoryTests" classname="DNDGenSite.Tests.Unit.Repositories.RandomizerRepositoryTests" runstate="Runnable" testcasecount="17" result="Passed" start-time="2016-04-07 12:50:47Z" end-time="2016-04-07 12:50:47Z" duration="0.124406" total="17" passed="17" failed="0" inconclusive="0" skipped="0" asserts="44">
              <test-case id="0-1010" name="GetAlignmentRandomizer" fullname="DNDGenSite.Tests.Unit.Repositories.RandomizerRepositoryTests.GetAlignmentRandomizer" methodname="GetAlignmentRandomizer" classname="DNDGenSite.Tests.Unit.Repositories.RandomizerRepositoryTests" runstate="Runnable" seed="961503095" result="Passed" start-time="2016-04-07 12:50:47Z" end-time="2016-04-07 12:50:47Z" duration="0.015474" asserts="1" />
              <test-case id="0-1018" name="GetBaseRaceRandomizer" fullname="DNDGenSite.Tests.Unit.Repositories.RandomizerRepositoryTests.GetBaseRaceRandomizer" methodname="GetBaseRaceRandomizer" classname="DNDGenSite.Tests.Unit.Repositories.RandomizerRepositoryTests" runstate="Runnable" seed="1390597427" result="Passed" start-time="2016-04-07 12:50:47Z" end-time="2016-04-07 12:50:47Z" duration="0.007684" asserts="1" />
              <test-case id="0-1013" name="GetClassNameRandomizer" fullname="DNDGenSite.Tests.Unit.Repositories.RandomizerRepositoryTests.GetClassNameRandomizer" methodname="GetClassNameRandomizer" classname="DNDGenSite.Tests.Unit.Repositories.RandomizerRepositoryTests" runstate="Runnable" seed="1838194091" result="Passed" start-time="2016-04-07 12:50:47Z" end-time="2016-04-07 12:50:47Z" duration="0.006954" asserts="1" />
              <test-case id="0-1021" name="GetForcedMetaraceRandomizer" fullname="DNDGenSite.Tests.Unit.Repositories.RandomizerRepositoryTests.GetForcedMetaraceRandomizer" methodname="GetForcedMetaraceRandomizer" classname="DNDGenSite.Tests.Unit.Repositories.RandomizerRepositoryTests" runstate="Runnable" seed="1069402004" result="Passed" start-time="2016-04-07 12:50:47Z" end-time="2016-04-07 12:50:47Z" duration="0.012338" asserts="2" />
              <test-case id="0-1015" name="GetLevelRandomizer" fullname="DNDGenSite.Tests.Unit.Repositories.RandomizerRepositoryTests.GetLevelRandomizer" methodname="GetLevelRandomizer" classname="DNDGenSite.Tests.Unit.Repositories.RandomizerRepositoryTests" runstate="Runnable" seed="1542415269" result="Passed" start-time="2016-04-07 12:50:47Z" end-time="2016-04-07 12:50:47Z" duration="0.011670" asserts="1" />
              <test-case id="0-1020" name="GetMetaraceRandomizer" fullname="DNDGenSite.Tests.Unit.Repositories.RandomizerRepositoryTests.GetMetaraceRandomizer" methodname="GetMetaraceRandomizer" classname="DNDGenSite.Tests.Unit.Repositories.RandomizerRepositoryTests" runstate="Runnable" seed="1923791459" result="Passed" start-time="2016-04-07 12:50:47Z" end-time="2016-04-07 12:50:47Z" duration="0.003306" asserts="1" />
              <test-case id="0-1022" name="GetNonForcedMetaraceRandomizer" fullname="DNDGenSite.Tests.Unit.Repositories.RandomizerRepositoryTests.GetNonForcedMetaraceRandomizer" methodname="GetNonForcedMetaraceRandomizer" classname="DNDGenSite.Tests.Unit.Repositories.RandomizerRepositoryTests" runstate="Runnable" seed="1448988997" result="Passed" start-time="2016-04-07 12:50:47Z" end-time="2016-04-07 12:50:47Z" duration="0.002862" asserts="2" />
              <test-case id="0-1011" name="GetSetAlignmentRandomizer" fullname="DNDGenSite.Tests.Unit.Repositories.RandomizerRepositoryTests.GetSetAlignmentRandomizer" methodname="GetSetAlignmentRandomizer" classname="DNDGenSite.Tests.Unit.Repositories.RandomizerRepositoryTests" runstate="Runnable" seed="173340171" result="Passed" start-time="2016-04-07 12:50:47Z" end-time="2016-04-07 12:50:47Z" duration="0.003853" asserts="3" />
              <test-case id="0-1019" name="GetSetBaseRaceRandomizer" fullname="DNDGenSite.Tests.Unit.Repositories.RandomizerRepositoryTests.GetSetBaseRaceRandomizer" methodname="GetSetBaseRaceRandomizer" classname="DNDGenSite.Tests.Unit.Repositories.RandomizerRepositoryTests" runstate="Runnable" seed="1231727827" result="Passed" start-time="2016-04-07 12:50:47Z" end-time="2016-04-07 12:50:47Z" duration="0.003430" asserts="2" />
              <test-case id="0-1014" name="GetSetClassNameRandomizer" fullname="DNDGenSite.Tests.Unit.Repositories.RandomizerRepositoryTests.GetSetClassNameRandomizer" methodname="GetSetClassNameRandomizer" classname="DNDGenSite.Tests.Unit.Repositories.RandomizerRepositoryTests" runstate="Runnable" seed="1580158007" result="Passed" start-time="2016-04-07 12:50:47Z" end-time="2016-04-07 12:50:47Z" duration="0.002921" asserts="2" />
              <test-case id="0-1016" name="GetSetLevelRandomizer" fullname="DNDGenSite.Tests.Unit.Repositories.RandomizerRepositoryTests.GetSetLevelRandomizer" methodname="GetSetLevelRandomizer" classname="DNDGenSite.Tests.Unit.Repositories.RandomizerRepositoryTests" runstate="Runnable" seed="596653663" result="Passed" start-time="2016-04-07 12:50:47Z" end-time="2016-04-07 12:50:47Z" duration="0.004217" asserts="3" />
              <test-case id="0-1017" name="GetSetLevelRandomizerNotAllowingAdjustments" fullname="DNDGenSite.Tests.Unit.Repositories.RandomizerRepositoryTests.GetSetLevelRandomizerNotAllowingAdjustments" methodname="GetSetLevelRandomizerNotAllowingAdjustments" classname="DNDGenSite.Tests.Unit.Repositories.RandomizerRepositoryTests" runstate="Runnable" seed="787650010" result="Passed" start-time="2016-04-07 12:50:47Z" end-time="2016-04-07 12:50:47Z" duration="0.003525" asserts="3" />
              <test-case id="0-1023" name="GetSetMetaraceRandomizer" fullname="DNDGenSite.Tests.Unit.Repositories.RandomizerRepositoryTests.GetSetMetaraceRandomizer" methodname="GetSetMetaraceRandomizer" classname="DNDGenSite.Tests.Unit.Repositories.RandomizerRepositoryTests" runstate="Runnable" seed="392352118" result="Passed" start-time="2016-04-07 12:50:47Z" end-time="2016-04-07 12:50:47Z" duration="0.003588" asserts="2" />
              <test-case id="0-1025" name="GetSetStatsRandomizer" fullname="DNDGenSite.Tests.Unit.Repositories.RandomizerRepositoryTests.GetSetStatsRandomizer" methodname="GetSetStatsRandomizer" classname="DNDGenSite.Tests.Unit.Repositories.RandomizerRepositoryTests" runstate="Runnable" seed="953557922" result="Passed" start-time="2016-04-07 12:50:47Z" end-time="2016-04-07 12:50:47Z" duration="0.020063" asserts="8" />
              <test-case id="0-1026" name="GetSetStatsRandomizerNotAllowingAdjustments" fullname="DNDGenSite.Tests.Unit.Repositories.RandomizerRepositoryTests.GetSetStatsRandomizerNotAllowingAdjustments" methodname="GetSetStatsRandomizerNotAllowingAdjustments" classname="DNDGenSite.Tests.Unit.Repositories.RandomizerRepositoryTests" runstate="Runnable" seed="546864238" result="Passed" start-time="2016-04-07 12:50:47Z" end-time="2016-04-07 12:50:47Z" duration="0.005933" asserts="8" />
              <test-case id="0-1024" name="GetStatsRandomizer" fullname="DNDGenSite.Tests.Unit.Repositories.RandomizerRepositoryTests.GetStatsRandomizer" methodname="GetStatsRandomizer" classname="DNDGenSite.Tests.Unit.Repositories.RandomizerRepositoryTests" runstate="Runnable" seed="674926834" result="Passed" start-time="2016-04-07 12:50:47Z" end-time="2016-04-07 12:50:47Z" duration="0.005527" asserts="1" />
              <test-case id="0-1012" name="TrueNeutralBecomesNeutralNeutral" fullname="DNDGenSite.Tests.Unit.Repositories.RandomizerRepositoryTests.TrueNeutralBecomesNeutralNeutral" methodname="TrueNeutralBecomesNeutralNeutral" classname="DNDGenSite.Tests.Unit.Repositories.RandomizerRepositoryTests" runstate="Runnable" seed="1554169190" result="Passed" start-time="2016-04-07 12:50:47Z" end-time="2016-04-07 12:50:47Z" duration="0.002737" asserts="3" />
            </test-suite>
          </test-suite>
        </test-suite>
      </test-suite>
    </test-suite>
  </test-suite>
</test-run>